{"meta": {"format": 3, "version": "7.13.4", "timestamp": "2026-03-09T03:32:27.184830", "branch_coverage": false, "show_contexts": false}, "files": {"smart_data/__init__.py": {"executed_lines": [3], "summary": {"covered_lines": 1, "num_statements": 1, "percent_covered": 100.0, "percent_covered_display": "100", "missing_lines": 0, "excluded_lines": 0, "percent_statements_covered": 100.0, "percent_statements_covered_display": "100"}, "missing_lines": [], "excluded_lines": [], "functions": {"": {"executed_lines": [3], "summary": {"covered_lines": 1, "num_statements": 1, "percent_covered": 100.0, "percent_covered_display": "100", "missing_lines": 0, "excluded_lines": 0, "percent_statements_covered": 100.0, "percent_statements_covered_display": "100"}, "missing_lines": [], "excluded_lines": [], "start_line": 1}}, "classes": {"": {"executed_lines": [3], "summary": {"covered_lines": 1, "num_statements": 1, "percent_covered": 100.0, "percent_covered_display": "100", "missing_lines": 0, "excluded_lines": 0, "percent_statements_covered": 100.0, "percent_statements_covered_display": "100"}, "missing_lines": [], "excluded_lines": [], "start_line": 1}}}, "smart_data/cli/__init__.py": {"executed_lines": [3, 5], "summary": {"covered_lines": 2, "num_statements": 2, "percent_covered": 100.0, "percent_covered_display": "100", "missing_lines": 0, "excluded_lines": 0, "percent_statements_covered": 100.0, "percent_statements_covered_display": "100"}, "missing_lines": [], "excluded_lines": [], "functions": {"": {"executed_lines": [3, 5], "summary": {"covered_lines": 2, "num_statements": 2, "percent_covered": 100.0, "percent_covered_display": "100", "missing_lines": 0, "excluded_lines": 0, "percent_statements_covered": 100.0, "percent_statements_covered_display": "100"}, "missing_lines": [], "excluded_lines": [], "start_line": 1}}, "classes": {"": {"executed_lines": [3, 5], "summary": {"covered_lines": 2, "num_statements": 2, "percent_covered": 100.0, "percent_covered_display": "100", "missing_lines": 0, "excluded_lines": 0, "percent_statements_covered": 100.0, "percent_statements_covered_display": "100"}, "missing_lines": [], "excluded_lines": [], "start_line": 1}}}, "smart_data/cli/app.py": {"executed_lines": [12, 14, 15, 16, 17, 19, 20, 22, 23, 25, 30, 33, 35, 36, 37, 40, 41, 42, 44, 47, 48, 67, 68, 77, 79, 81, 82, 83, 85, 87, 88, 90, 91, 100, 102, 103, 104, 114, 116, 131, 132, 156, 157, 188, 189, 191, 192, 194, 195, 196, 197, 198, 201, 202, 207, 208, 217, 218, 219, 220, 221, 222, 229, 230], "summary": {"covered_lines": 64, "num_statements": 81, "percent_covered": 79.01234567901234, "percent_covered_display": "79", "missing_lines": 17, "excluded_lines": 0, "percent_statements_covered": 79.01234567901234, "percent_statements_covered_display": "79"}, "missing_lines": [117, 118, 128, 150, 152, 153, 175, 176, 177, 179, 180, 181, 185, 204, 231, 232, 241], "excluded_lines": [], "functions": {"_emit": {"executed_lines": [35, 36, 37, 40, 41, 42, 44], "summary": {"covered_lines": 7, "num_statements": 7, "percent_covered": 100.0, "percent_covered_display": "100", "missing_lines": 0, "excluded_lines": 0, "percent_statements_covered": 100.0, "percent_statements_covered_display": "100"}, "missing_lines": [], "excluded_lines": [], "start_line": 33}, "run": {"executed_lines": [67, 68, 77, 79, 81, 82, 83, 85, 87, 88, 90, 91, 100, 102, 103, 104, 114, 116], "summary": {"covered_lines": 18, "num_statements": 21, "percent_covered": 85.71428571428571, "percent_covered_display": "86", "missing_lines": 3, "excluded_lines": 0, "percent_statements_covered": 85.71428571428571, "percent_statements_covered_display": "86"}, "missing_lines": [117, 118, 128], "excluded_lines": [], "start_line": 48}, "monitor": {"executed_lines": [], "summary": {"covered_lines": 0, "num_statements": 3, "percent_covered": 0.0, "percent_covered_display": "0", "missing_lines": 3, "excluded_lines": 0, "percent_statements_covered": 0.0, "percent_statements_covered_display": "0"}, "missing_lines": [150, 152, 153], "excluded_lines": [], "start_line": 132}, "mcp_start": {"executed_lines": [], "summary": {"covered_lines": 0, "num_statements": 7, "percent_covered": 0.0, "percent_covered_display": "0", "missing_lines": 7, "excluded_lines": 0, "percent_statements_covered": 0.0, "percent_statements_covered_display": "0"}, "missing_lines": [175, 176, 177, 179, 180, 181, 185], "excluded_lines": [], "start_line": 157}, "interactive": {"executed_lines": [], "summary": {"covered_lines": 0, "num_statements": 1, "percent_covered": 0.0, "percent_covered_display": "0", "missing_lines": 1, "excluded_lines": 0, "percent_statements_covered": 0.0, "percent_statements_covered_display": "0"}, "missing_lines": [204], "excluded_lines": [], "start_line": 202}, "schema_export": {"executed_lines": [217, 218, 219, 220, 221, 222, 229, 230], "summary": {"covered_lines": 8, "num_statements": 11, "percent_covered": 72.72727272727273, "percent_covered_display": "73", "missing_lines": 3, "excluded_lines": 0, "percent_statements_covered": 72.72727272727273, "percent_statements_covered_display": "73"}, "missing_lines": [231, 232, 241], "excluded_lines": [], "start_line": 208}, "": {"executed_lines": [12, 14, 15, 16, 17, 19, 20, 22, 23, 25, 30, 33, 47, 48, 131, 132, 156, 157, 188, 189, 191, 192, 194, 195, 196, 197, 198, 201, 202, 207, 208], "summary": {"covered_lines": 31, "num_statements": 31, "percent_covered": 100.0, "percent_covered_display": "100", "missing_lines": 0, "excluded_lines": 0, "percent_statements_covered": 100.0, "percent_statements_covered_display": "100"}, "missing_lines": [], "excluded_lines": [], "start_line": 1}}, "classes": {"": {"executed_lines": [12, 14, 15, 16, 17, 19, 20, 22, 23, 25, 30, 33, 35, 36, 37, 40, 41, 42, 44, 47, 48, 67, 68, 77, 79, 81, 82, 83, 85, 87, 88, 90, 91, 100, 102, 103, 104, 114, 116, 131, 132, 156, 157, 188, 189, 191, 192, 194, 195, 196, 197, 198, 201, 202, 207, 208, 217, 218, 219, 220, 221, 222, 229, 230], "summary": {"covered_lines": 64, "num_statements": 81, "percent_covered": 79.01234567901234, "percent_covered_display": "79", "missing_lines": 17, "excluded_lines": 0, "percent_statements_covered": 79.01234567901234, "percent_statements_covered_display": "79"}, "missing_lines": [117, 118, 128, 150, 152, 153, 175, 176, 177, 179, 180, 181, 185, 204, 231, 232, 241], "excluded_lines": [], "start_line": 1}}}, "smart_data/cli/commands/__init__.py": {"executed_lines": [3, 4, 5, 6, 7, 9], "summary": {"covered_lines": 6, "num_statements": 6, "percent_covered": 100.0, "percent_covered_display": "100", "missing_lines": 0, "excluded_lines": 0, "percent_statements_covered": 100.0, "percent_statements_covered_display": "100"}, "missing_lines": [], "excluded_lines": [], "functions": {"": {"executed_lines": [3, 4, 5, 6, 7, 9], "summary": {"covered_lines": 6, "num_statements": 6, "percent_covered": 100.0, "percent_covered_display": "100", "missing_lines": 0, "excluded_lines": 0, "percent_statements_covered": 100.0, "percent_statements_covered_display": "100"}, "missing_lines": [], "excluded_lines": [], "start_line": 1}}, "classes": {"": {"executed_lines": [3, 4, 5, 6, 7, 9], "summary": {"covered_lines": 6, "num_statements": 6, "percent_covered": 100.0, "percent_covered_display": "100", "missing_lines": 0, "excluded_lines": 0, "percent_statements_covered": 100.0, "percent_statements_covered_display": "100"}, "missing_lines": [], "excluded_lines": [], "start_line": 1}}}, "smart_data/cli/commands/config_cmd.py": {"executed_lines": [3, 5, 6, 8, 10, 11, 12, 14, 16, 48, 49, 53, 55, 57, 58, 59, 60, 61, 62, 63, 64, 67, 68, 78, 80, 81, 82, 84, 85, 86, 89, 90, 94, 95, 96, 99, 100, 105, 106, 108, 110, 111, 112, 113, 115, 116, 117, 119, 121, 122, 124], "summary": {"covered_lines": 51, "num_statements": 54, "percent_covered": 94.44444444444444, "percent_covered_display": "94", "missing_lines": 3, "excluded_lines": 0, "percent_statements_covered": 94.44444444444444, "percent_statements_covered_display": "94"}, "missing_lines": [125, 126, 127], "excluded_lines": [], "functions": {"config_validate": {"executed_lines": [53, 55, 57, 58, 59, 60, 61, 62, 63, 64], "summary": {"covered_lines": 10, "num_statements": 10, "percent_covered": 100.0, "percent_covered_display": "100", "missing_lines": 0, "excluded_lines": 0, "percent_statements_covered": 100.0, "percent_statements_covered_display": "100"}, "missing_lines": [], "excluded_lines": [], "start_line": 49}, "config_init": {"executed_lines": [78, 80, 81, 82, 84, 85, 86], "summary": {"covered_lines": 7, "num_statements": 7, "percent_covered": 100.0, "percent_covered_display": "100", "missing_lines": 0, "excluded_lines": 0, "percent_statements_covered": 100.0, "percent_statements_covered_display": "100"}, "missing_lines": [], "excluded_lines": [], "start_line": 68}, "config_show": {"executed_lines": [94, 95, 96], "summary": {"covered_lines": 3, "num_statements": 3, "percent_covered": 100.0, "percent_covered_display": "100", "missing_lines": 0, "excluded_lines": 0, "percent_statements_covered": 100.0, "percent_statements_covered_display": "100"}, "missing_lines": [], "excluded_lines": [], "start_line": 90}, "config_run": {"executed_lines": [105, 106, 108, 110, 111, 112, 113, 115, 116, 117, 119, 121, 122, 124], "summary": {"covered_lines": 14, "num_statements": 17, "percent_covered": 82.3529411764706, "percent_covered_display": "82", "missing_lines": 3, "excluded_lines": 0, "percent_statements_covered": 82.3529411764706, "percent_statements_covered_display": "82"}, "missing_lines": [125, 126, 127], "excluded_lines": [], "start_line": 100}, "": {"executed_lines": [3, 5, 6, 8, 10, 11, 12, 14, 16, 48, 49, 67, 68, 89, 90, 99, 100], "summary": {"covered_lines": 17, "num_statements": 17, "percent_covered": 100.0, "percent_covered_display": "100", "missing_lines": 0, "excluded_lines": 0, "percent_statements_covered": 100.0, "percent_statements_covered_display": "100"}, "missing_lines": [], "excluded_lines": [], "start_line": 1}}, "classes": {"": {"executed_lines": [3, 5, 6, 8, 10, 11, 12, 14, 16, 48, 49, 53, 55, 57, 58, 59, 60, 61, 62, 63, 64, 67, 68, 78, 80, 81, 82, 84, 85, 86, 89, 90, 94, 95, 96, 99, 100, 105, 106, 108, 110, 111, 112, 113, 115, 116, 117, 119, 121, 122, 124], "summary": {"covered_lines": 51, "num_statements": 54, "percent_covered": 94.44444444444444, "percent_covered_display": "94", "missing_lines": 3, "excluded_lines": 0, "percent_statements_covered": 94.44444444444444, "percent_statements_covered_display": "94"}, "missing_lines": [125, 126, 127], "excluded_lines": [], "start_line": 1}}}, "smart_data/cli/commands/mesh_cmd.py": {"executed_lines": [3, 5, 6, 7, 8, 10, 12, 14, 16, 19, 21, 22, 40, 43, 45, 46, 49, 50, 72, 73, 74, 76, 77, 78, 79, 98, 99, 117, 118, 145, 146, 149, 150, 151, 152, 153, 154, 163, 164, 165, 166, 169, 171, 172, 173, 175, 176, 183, 184, 185, 207, 208, 291, 299, 300, 301, 302, 303, 307, 308, 316, 330, 337, 344], "summary": {"covered_lines": 64, "num_statements": 177, "percent_covered": 36.15819209039548, "percent_covered_display": "36", "missing_lines": 113, "excluded_lines": 0, "percent_statements_covered": 36.15819209039548, "percent_statements_covered_display": "36"}, "missing_lines": [23, 25, 30, 31, 32, 33, 34, 35, 36, 37, 38, 87, 88, 101, 102, 103, 105, 107, 108, 109, 110, 111, 112, 113, 114, 155, 156, 157, 158, 159, 160, 161, 168, 181, 187, 188, 189, 190, 191, 193, 194, 195, 196, 198, 199, 201, 202, 204, 232, 233, 235, 236, 237, 238, 239, 240, 241, 242, 243, 244, 245, 246, 247, 249, 250, 251, 252, 254, 255, 257, 258, 259, 261, 262, 264, 266, 267, 268, 269, 270, 272, 273, 274, 275, 277, 278, 280, 281, 283, 305, 313, 317, 318, 319, 320, 322, 323, 324, 325, 326, 327, 331, 332, 333, 334, 338, 339, 340, 341, 345, 346, 347, 348], "excluded_lines": [], "functions": {"_load_mesh": {"executed_lines": [21, 22, 40], "summary": {"covered_lines": 3, "num_statements": 14, "percent_covered": 21.428571428571427, "percent_covered_display": "21", "missing_lines": 11, "excluded_lines": 0, "percent_statements_covered": 21.428571428571427, "percent_statements_covered_display": "21"}, "missing_lines": [23, 25, 30, 31, 32, 33, 34, 35, 36, 37, 38], "excluded_lines": [], "start_line": 19}, "_find_mesh_yaml": {"executed_lines": [45, 46], "summary": {"covered_lines": 2, "num_statements": 2, "percent_covered": 100.0, "percent_covered_display": "100", "missing_lines": 0, "excluded_lines": 0, "percent_statements_covered": 100.0, "percent_statements_covered_display": "100"}, "missing_lines": [], "excluded_lines": [], "start_line": 43}, "mesh_list": {"executed_lines": [72, 73, 74, 76, 77, 78, 79, 98, 99], "summary": {"covered_lines": 9, "num_statements": 23, "percent_covered": 39.130434782608695, "percent_covered_display": "39", "missing_lines": 14, "excluded_lines": 0, "percent_statements_covered": 39.130434782608695, "percent_statements_covered_display": "39"}, "missing_lines": [87, 88, 101, 102, 103, 105, 107, 108, 109, 110, 111, 112, 113, 114], "excluded_lines": [], "start_line": 50}, "mesh_run": {"executed_lines": [145, 146, 149, 150, 151, 152, 153, 154, 163, 164, 165, 166, 169, 171, 172, 173, 175, 176, 183, 184, 185], "summary": {"covered_lines": 21, "num_statements": 44, "percent_covered": 47.72727272727273, "percent_covered_display": "48", "missing_lines": 23, "excluded_lines": 0, "percent_statements_covered": 47.72727272727273, "percent_statements_covered_display": "48"}, "missing_lines": [155, 156, 157, 158, 159, 160, 161, 168, 181, 187, 188, 189, 190, 191, 193, 194, 195, 196, 198, 199, 201, 202, 204], "excluded_lines": [], "start_line": 118}, "mesh_build": {"executed_lines": [], "summary": {"covered_lines": 0, "num_statements": 41, "percent_covered": 0.0, "percent_covered_display": "0", "missing_lines": 41, "excluded_lines": 0, "percent_statements_covered": 0.0, "percent_statements_covered_display": "0"}, "missing_lines": [232, 233, 235, 236, 237, 238, 239, 240, 241, 242, 243, 244, 245, 246, 247, 249, 250, 251, 252, 254, 255, 257, 258, 259, 261, 262, 264, 266, 267, 268, 269, 270, 272, 273, 274, 275, 277, 278, 280, 281, 283], "excluded_lines": [], "start_line": 208}, "_show_dry_run": {"executed_lines": [299, 300, 301, 302, 303, 307, 308], "summary": {"covered_lines": 7, "num_statements": 9, "percent_covered": 77.77777777777777, "percent_covered_display": "78", "missing_lines": 2, "excluded_lines": 0, "percent_statements_covered": 77.77777777777777, "percent_statements_covered_display": "78"}, "missing_lines": [305, 313], "excluded_lines": [], "start_line": 291}, "_run_job_wheel": {"executed_lines": [], "summary": {"covered_lines": 0, "num_statements": 10, "percent_covered": 0.0, "percent_covered_display": "0", "missing_lines": 10, "excluded_lines": 0, "percent_statements_covered": 0.0, "percent_statements_covered_display": "0"}, "missing_lines": [317, 318, 319, 320, 322, 323, 324, 325, 326, 327], "excluded_lines": [], "start_line": 316}, "_run_docker_compose": {"executed_lines": [], "summary": {"covered_lines": 0, "num_statements": 4, "percent_covered": 0.0, "percent_covered_display": "0", "missing_lines": 4, "excluded_lines": 0, "percent_statements_covered": 0.0, "percent_statements_covered_display": "0"}, "missing_lines": [331, 332, 333, 334], "excluded_lines": [], "start_line": 330}, "_build_job_wheel": {"executed_lines": [], "summary": {"covered_lines": 0, "num_statements": 4, "percent_covered": 0.0, "percent_covered_display": "0", "missing_lines": 4, "excluded_lines": 0, "percent_statements_covered": 0.0, "percent_statements_covered_display": "0"}, "missing_lines": [338, 339, 340, 341], "excluded_lines": [], "start_line": 337}, "_build_docker_compose": {"executed_lines": [], "summary": {"covered_lines": 0, "num_statements": 4, "percent_covered": 0.0, "percent_covered_display": "0", "missing_lines": 4, "excluded_lines": 0, "percent_statements_covered": 0.0, "percent_statements_covered_display": "0"}, "missing_lines": [345, 346, 347, 348], "excluded_lines": [], "start_line": 344}, "": {"executed_lines": [3, 5, 6, 7, 8, 10, 12, 14, 16, 19, 43, 49, 50, 117, 118, 207, 208, 291, 316, 330, 337, 344], "summary": {"covered_lines": 22, "num_statements": 22, "percent_covered": 100.0, "percent_covered_display": "100", "missing_lines": 0, "excluded_lines": 0, "percent_statements_covered": 100.0, "percent_statements_covered_display": "100"}, "missing_lines": [], "excluded_lines": [], "start_line": 1}}, "classes": {"": {"executed_lines": [3, 5, 6, 7, 8, 10, 12, 14, 16, 19, 21, 22, 40, 43, 45, 46, 49, 50, 72, 73, 74, 76, 77, 78, 79, 98, 99, 117, 118, 145, 146, 149, 150, 151, 152, 153, 154, 163, 164, 165, 166, 169, 171, 172, 173, 175, 176, 183, 184, 185, 207, 208, 291, 299, 300, 301, 302, 303, 307, 308, 316, 330, 337, 344], "summary": {"covered_lines": 64, "num_statements": 177, "percent_covered": 36.15819209039548, "percent_covered_display": "36", "missing_lines": 113, "excluded_lines": 0, "percent_statements_covered": 36.15819209039548, "percent_statements_covered_display": "36"}, "missing_lines": [23, 25, 30, 31, 32, 33, 34, 35, 36, 37, 38, 87, 88, 101, 102, 103, 105, 107, 108, 109, 110, 111, 112, 113, 114, 155, 156, 157, 158, 159, 160, 161, 168, 181, 187, 188, 189, 190, 191, 193, 194, 195, 196, 198, 199, 201, 202, 204, 232, 233, 235, 236, 237, 238, 239, 240, 241, 242, 243, 244, 245, 246, 247, 249, 250, 251, 252, 254, 255, 257, 258, 259, 261, 262, 264, 266, 267, 268, 269, 270, 272, 273, 274, 275, 277, 278, 280, 281, 283, 305, 313, 317, 318, 319, 320, 322, 323, 324, 325, 326, 327, 331, 332, 333, 334, 338, 339, 340, 341, 345, 346, 347, 348], "excluded_lines": [], "start_line": 1}}}, "smart_data/cli/commands/plugin_cmd.py": {"executed_lines": [3, 5, 7, 9, 10, 12, 15, 16, 20, 22, 23, 25, 26, 28, 31, 34, 35, 40, 42, 44, 45, 46, 47, 48, 50, 51, 53, 56, 57, 62, 64, 66, 67, 68, 69, 70, 73, 75, 76, 77, 78, 79, 80, 81, 82, 83, 89, 90, 94, 96, 98, 99, 100, 101, 102, 103, 104], "summary": {"covered_lines": 57, "num_statements": 65, "percent_covered": 87.6923076923077, "percent_covered_display": "88", "missing_lines": 8, "excluded_lines": 0, "percent_statements_covered": 87.6923076923077, "percent_statements_covered_display": "88"}, "missing_lines": [29, 71, 84, 85, 86, 105, 106, 107], "excluded_lines": [], "functions": {"plugin_list": {"executed_lines": [20, 22, 23, 25, 26, 28, 31], "summary": {"covered_lines": 7, "num_statements": 8, "percent_covered": 87.5, "percent_covered_display": "88", "missing_lines": 1, "excluded_lines": 0, "percent_statements_covered": 87.5, "percent_statements_covered_display": "88"}, "missing_lines": [29], "excluded_lines": [], "start_line": 16}, "plugin_inspect": {"executed_lines": [40, 42, 44, 45, 46, 47, 48, 50, 51, 53], "summary": {"covered_lines": 10, "num_statements": 10, "percent_covered": 100.0, "percent_covered_display": "100", "missing_lines": 0, "excluded_lines": 0, "percent_statements_covered": 100.0, "percent_statements_covered_display": "100"}, "missing_lines": [], "excluded_lines": [], "start_line": 35}, "plugin_preview": {"executed_lines": [62, 64, 66, 67, 68, 69, 70, 73, 75, 76, 77, 78, 79, 80, 81, 82, 83], "summary": {"covered_lines": 17, "num_statements": 21, "percent_covered": 80.95238095238095, "percent_covered_display": "81", "missing_lines": 4, "excluded_lines": 0, "percent_statements_covered": 80.95238095238095, "percent_statements_covered_display": "81"}, "missing_lines": [71, 84, 85, 86], "excluded_lines": [], "start_line": 57}, "plugin_load": {"executed_lines": [94, 96, 98, 99, 100, 101, 102, 103, 104], "summary": {"covered_lines": 9, "num_statements": 12, "percent_covered": 75.0, "percent_covered_display": "75", "missing_lines": 3, "excluded_lines": 0, "percent_statements_covered": 75.0, "percent_statements_covered_display": "75"}, "missing_lines": [105, 106, 107], "excluded_lines": [], "start_line": 90}, "": {"executed_lines": [3, 5, 7, 9, 10, 12, 15, 16, 34, 35, 56, 57, 89, 90], "summary": {"covered_lines": 14, "num_statements": 14, "percent_covered": 100.0, "percent_covered_display": "100", "missing_lines": 0, "excluded_lines": 0, "percent_statements_covered": 100.0, "percent_statements_covered_display": "100"}, "missing_lines": [], "excluded_lines": [], "start_line": 1}}, "classes": {"": {"executed_lines": [3, 5, 7, 9, 10, 12, 15, 16, 20, 22, 23, 25, 26, 28, 31, 34, 35, 40, 42, 44, 45, 46, 47, 48, 50, 51, 53, 56, 57, 62, 64, 66, 67, 68, 69, 70, 73, 75, 76, 77, 78, 79, 80, 81, 82, 83, 89, 90, 94, 96, 98, 99, 100, 101, 102, 103, 104], "summary": {"covered_lines": 57, "num_statements": 65, "percent_covered": 87.6923076923077, "percent_covered_display": "88", "missing_lines": 8, "excluded_lines": 0, "percent_statements_covered": 87.6923076923077, "percent_statements_covered_display": "88"}, "missing_lines": [29, 71, 84, 85, 86, 105, 106, 107], "excluded_lines": [], "start_line": 1}}}, "smart_data/cli/commands/system_cmd.py": {"executed_lines": [3, 5, 7, 9, 10, 11, 13, 16, 17, 21, 23, 24, 26, 27, 29, 32, 35, 36, 41, 43, 44, 46, 47, 48, 50, 51, 63, 66, 67, 71, 73, 74, 76, 77, 78, 80, 81, 82, 83, 84, 87], "summary": {"covered_lines": 41, "num_statements": 47, "percent_covered": 87.23404255319149, "percent_covered_display": "87", "missing_lines": 6, "excluded_lines": 0, "percent_statements_covered": 87.23404255319149, "percent_statements_covered_display": "87"}, "missing_lines": [30, 85, 86, 88, 89, 90], "excluded_lines": [], "functions": {"system_list": {"executed_lines": [21, 23, 24, 26, 27, 29, 32], "summary": {"covered_lines": 7, "num_statements": 8, "percent_covered": 87.5, "percent_covered_display": "88", "missing_lines": 1, "excluded_lines": 0, "percent_statements_covered": 87.5, "percent_statements_covered_display": "88"}, "missing_lines": [30], "excluded_lines": [], "start_line": 17}, "system_info": {"executed_lines": [41, 43, 44, 46, 47, 48, 50, 51, 63], "summary": {"covered_lines": 9, "num_statements": 9, "percent_covered": 100.0, "percent_covered_display": "100", "missing_lines": 0, "excluded_lines": 0, "percent_statements_covered": 100.0, "percent_statements_covered_display": "100"}, "missing_lines": [], "excluded_lines": [], "start_line": 36}, "system_validate": {"executed_lines": [71, 73, 74, 76, 77, 78, 80, 81, 82, 83, 84, 87], "summary": {"covered_lines": 12, "num_statements": 17, "percent_covered": 70.58823529411765, "percent_covered_display": "71", "missing_lines": 5, "excluded_lines": 0, "percent_statements_covered": 70.58823529411765, "percent_statements_covered_display": "71"}, "missing_lines": [85, 86, 88, 89, 90], "excluded_lines": [], "start_line": 67}, "": {"executed_lines": [3, 5, 7, 9, 10, 11, 13, 16, 17, 35, 36, 66, 67], "summary": {"covered_lines": 13, "num_statements": 13, "percent_covered": 100.0, "percent_covered_display": "100", "missing_lines": 0, "excluded_lines": 0, "percent_statements_covered": 100.0, "percent_statements_covered_display": "100"}, "missing_lines": [], "excluded_lines": [], "start_line": 1}}, "classes": {"": {"executed_lines": [3, 5, 7, 9, 10, 11, 13, 16, 17, 21, 23, 24, 26, 27, 29, 32, 35, 36, 41, 43, 44, 46, 47, 48, 50, 51, 63, 66, 67, 71, 73, 74, 76, 77, 78, 80, 81, 82, 83, 84, 87], "summary": {"covered_lines": 41, "num_statements": 47, "percent_covered": 87.23404255319149, "percent_covered_display": "87", "missing_lines": 6, "excluded_lines": 0, "percent_statements_covered": 87.23404255319149, "percent_statements_covered_display": "87"}, "missing_lines": [30, 85, 86, 88, 89, 90], "excluded_lines": [], "start_line": 1}}}, "smart_data/cli/commands/telemetry_cmd.py": {"executed_lines": [3, 5, 7, 9, 10, 12, 15, 17, 19, 20, 21, 22, 29, 30, 34, 35, 37, 38, 40, 43, 44, 48, 49, 51, 52, 54, 55], "summary": {"covered_lines": 27, "num_statements": 27, "percent_covered": 100.0, "percent_covered_display": "100", "missing_lines": 0, "excluded_lines": 0, "percent_statements_covered": 100.0, "percent_statements_covered_display": "100"}, "missing_lines": [], "excluded_lines": [], "functions": {"_get_telemetry_status": {"executed_lines": [17, 19, 20, 21, 22], "summary": {"covered_lines": 5, "num_statements": 5, "percent_covered": 100.0, "percent_covered_display": "100", "missing_lines": 0, "excluded_lines": 0, "percent_statements_covered": 100.0, "percent_statements_covered_display": "100"}, "missing_lines": [], "excluded_lines": [], "start_line": 15}, "telemetry_status": {"executed_lines": [34, 35, 37, 38, 40], "summary": {"covered_lines": 5, "num_statements": 5, "percent_covered": 100.0, "percent_covered_display": "100", "missing_lines": 0, "excluded_lines": 0, "percent_statements_covered": 100.0, "percent_statements_covered_display": "100"}, "missing_lines": [], "excluded_lines": [], "start_line": 30}, "telemetry_export": {"executed_lines": [48, 49, 51, 52, 54, 55], "summary": {"covered_lines": 6, "num_statements": 6, "percent_covered": 100.0, "percent_covered_display": "100", "missing_lines": 0, "excluded_lines": 0, "percent_statements_covered": 100.0, "percent_statements_covered_display": "100"}, "missing_lines": [], "excluded_lines": [], "start_line": 44}, "": {"executed_lines": [3, 5, 7, 9, 10, 12, 15, 29, 30, 43, 44], "summary": {"covered_lines": 11, "num_statements": 11, "percent_covered": 100.0, "percent_covered_display": "100", "missing_lines": 0, "excluded_lines": 0, "percent_statements_covered": 100.0, "percent_statements_covered_display": "100"}, "missing_lines": [], "excluded_lines": [], "start_line": 1}}, "classes": {"": {"executed_lines": [3, 5, 7, 9, 10, 12, 15, 17, 19, 20, 21, 22, 29, 30, 34, 35, 37, 38, 40, 43, 44, 48, 49, 51, 52, 54, 55], "summary": {"covered_lines": 27, "num_statements": 27, "percent_covered": 100.0, "percent_covered_display": "100", "missing_lines": 0, "excluded_lines": 0, "percent_statements_covered": 100.0, "percent_statements_covered_display": "100"}, "missing_lines": [], "excluded_lines": [], "start_line": 1}}}, "smart_data/cli/completions.py": {"executed_lines": [3, 6, 8, 9, 11, 16, 18, 19, 21, 26, 28, 29, 31, 36, 38, 43, 45, 46, 49, 51, 52, 54], "summary": {"covered_lines": 22, "num_statements": 30, "percent_covered": 73.33333333333333, "percent_covered_display": "73", "missing_lines": 8, "excluded_lines": 0, "percent_statements_covered": 73.33333333333333, "percent_statements_covered_display": "73"}, "missing_lines": [12, 13, 22, 23, 32, 33, 55, 56], "excluded_lines": [], "functions": {"complete_system_names": {"executed_lines": [8, 9, 11], "summary": {"covered_lines": 3, "num_statements": 5, "percent_covered": 60.0, "percent_covered_display": "60", "missing_lines": 2, "excluded_lines": 0, "percent_statements_covered": 60.0, "percent_statements_covered_display": "60"}, "missing_lines": [12, 13], "excluded_lines": [], "start_line": 6}, "complete_reader_names": {"executed_lines": [18, 19, 21], "summary": {"covered_lines": 3, "num_statements": 5, "percent_covered": 60.0, "percent_covered_display": "60", "missing_lines": 2, "excluded_lines": 0, "percent_statements_covered": 60.0, "percent_statements_covered_display": "60"}, "missing_lines": [22, 23], "excluded_lines": [], "start_line": 16}, "complete_writer_names": {"executed_lines": [28, 29, 31], "summary": {"covered_lines": 3, "num_statements": 5, "percent_covered": 60.0, "percent_covered_display": "60", "missing_lines": 2, "excluded_lines": 0, "percent_statements_covered": 60.0, "percent_statements_covered_display": "60"}, "missing_lines": [32, 33], "excluded_lines": [], "start_line": 26}, "complete_plugin_names": {"executed_lines": [38], "summary": {"covered_lines": 1, "num_statements": 1, "percent_covered": 100.0, "percent_covered_display": "100", "missing_lines": 0, "excluded_lines": 0, "percent_statements_covered": 100.0, "percent_statements_covered_display": "100"}, "missing_lines": [], "excluded_lines": [], "start_line": 36}, "complete_env_names": {"executed_lines": [45, 46], "summary": {"covered_lines": 2, "num_statements": 2, "percent_covered": 100.0, "percent_covered_display": "100", "missing_lines": 0, "excluded_lines": 0, "percent_statements_covered": 100.0, "percent_statements_covered_display": "100"}, "missing_lines": [], "excluded_lines": [], "start_line": 43}, "complete_template_names": {"executed_lines": [51, 52, 54], "summary": {"covered_lines": 3, "num_statements": 5, "percent_covered": 60.0, "percent_covered_display": "60", "missing_lines": 2, "excluded_lines": 0, "percent_statements_covered": 60.0, "percent_statements_covered_display": "60"}, "missing_lines": [55, 56], "excluded_lines": [], "start_line": 49}, "": {"executed_lines": [3, 6, 16, 26, 36, 43, 49], "summary": {"covered_lines": 7, "num_statements": 7, "percent_covered": 100.0, "percent_covered_display": "100", "missing_lines": 0, "excluded_lines": 0, "percent_statements_covered": 100.0, "percent_statements_covered_display": "100"}, "missing_lines": [], "excluded_lines": [], "start_line": 1}}, "classes": {"": {"executed_lines": [3, 6, 8, 9, 11, 16, 18, 19, 21, 26, 28, 29, 31, 36, 38, 43, 45, 46, 49, 51, 52, 54], "summary": {"covered_lines": 22, "num_statements": 30, "percent_covered": 73.33333333333333, "percent_covered_display": "73", "missing_lines": 8, "excluded_lines": 0, "percent_statements_covered": 73.33333333333333, "percent_statements_covered_display": "73"}, "missing_lines": [12, 13, 22, 23, 32, 33, 55, 56], "excluded_lines": [], "start_line": 1}}}, "smart_data/cli/interactive.py": {"executed_lines": [7, 9, 11, 13, 19, 20, 22, 27, 29, 32, 33, 34, 35, 36, 37, 38, 43, 45, 48, 51, 53, 56, 63, 74, 76, 78, 79, 80, 81, 83, 84, 85, 87, 88, 89, 93, 94, 95, 96, 97, 98, 103, 105, 106, 108, 113, 114, 115, 116, 119, 120, 121, 124, 126, 127, 129, 132, 133, 134, 136, 137, 138, 139, 144, 192, 225, 227, 228, 230, 231, 233, 244, 246, 248, 249, 251, 253, 255, 257, 259, 261, 263, 264, 265], "summary": {"covered_lines": 84, "num_statements": 167, "percent_covered": 50.29940119760479, "percent_covered_display": "50", "missing_lines": 83, "excluded_lines": 0, "percent_statements_covered": 50.29940119760479, "percent_statements_covered_display": "50"}, "missing_lines": [23, 24, 30, 31, 39, 40, 46, 47, 54, 55, 90, 91, 99, 100, 118, 140, 141, 146, 147, 148, 149, 151, 153, 154, 156, 157, 158, 159, 161, 162, 163, 165, 166, 167, 168, 169, 170, 171, 172, 174, 175, 176, 177, 178, 180, 181, 182, 184, 185, 186, 187, 188, 189, 194, 195, 196, 197, 199, 200, 201, 202, 204, 205, 207, 208, 209, 210, 212, 213, 217, 218, 220, 221, 222, 234, 236, 252, 254, 256, 258, 260, 262, 267], "excluded_lines": [], "functions": {"_select": {"executed_lines": [29, 32, 33, 34, 35, 36, 37, 38], "summary": {"covered_lines": 8, "num_statements": 12, "percent_covered": 66.66666666666667, "percent_covered_display": "67", "missing_lines": 4, "excluded_lines": 0, "percent_statements_covered": 66.66666666666667, "percent_statements_covered_display": "67"}, "missing_lines": [30, 31, 39, 40], "excluded_lines": [], "start_line": 27}, "_text": {"executed_lines": [45, 48], "summary": {"covered_lines": 2, "num_statements": 4, "percent_covered": 50.0, "percent_covered_display": "50", "missing_lines": 2, "excluded_lines": 0, "percent_statements_covered": 50.0, "percent_statements_covered_display": "50"}, "missing_lines": [46, 47], "excluded_lines": [], "start_line": 43}, "_confirm": {"executed_lines": [53, 56], "summary": {"covered_lines": 2, "num_statements": 4, "percent_covered": 50.0, "percent_covered_display": "50", "missing_lines": 2, "excluded_lines": 0, "percent_statements_covered": 50.0, "percent_statements_covered_display": "50"}, "missing_lines": [54, 55], "excluded_lines": [], "start_line": 51}, "_wizard_run": {"executed_lines": [76, 78, 79, 80, 81, 83, 84, 85, 87, 88, 89, 93, 94, 95, 96, 97, 98], "summary": {"covered_lines": 17, "num_statements": 21, "percent_covered": 80.95238095238095, "percent_covered_display": "81", "missing_lines": 4, "excluded_lines": 0, "percent_statements_covered": 80.95238095238095, "percent_statements_covered_display": "81"}, "missing_lines": [90, 91, 99, 100], "excluded_lines": [], "start_line": 74}, "_wizard_list": {"executed_lines": [105, 106, 108, 113, 114, 115, 116, 119, 120, 121], "summary": {"covered_lines": 10, "num_statements": 11, "percent_covered": 90.9090909090909, "percent_covered_display": "91", "missing_lines": 1, "excluded_lines": 0, "percent_statements_covered": 90.9090909090909, "percent_statements_covered_display": "91"}, "missing_lines": [118], "excluded_lines": [], "start_line": 103}, "_wizard_inspect": {"executed_lines": [126, 127, 129, 132, 133, 134, 136, 137, 138, 139], "summary": {"covered_lines": 10, "num_statements": 12, "percent_covered": 83.33333333333333, "percent_covered_display": "83", "missing_lines": 2, "excluded_lines": 0, "percent_statements_covered": 83.33333333333333, "percent_statements_covered_display": "83"}, "missing_lines": [140, 141], "excluded_lines": [], "start_line": 124}, "_wizard_config": {"executed_lines": [], "summary": {"covered_lines": 0, "num_statements": 36, "percent_covered": 0.0, "percent_covered_display": "0", "missing_lines": 36, "excluded_lines": 0, "percent_statements_covered": 0.0, "percent_statements_covered_display": "0"}, "missing_lines": [146, 147, 148, 149, 151, 153, 154, 156, 157, 158, 159, 161, 162, 163, 165, 166, 167, 168, 169, 170, 171, 172, 174, 175, 176, 177, 178, 180, 181, 182, 184, 185, 186, 187, 188, 189], "excluded_lines": [], "start_line": 144}, "_wizard_scaffold": {"executed_lines": [], "summary": {"covered_lines": 0, "num_statements": 21, "percent_covered": 0.0, "percent_covered_display": "0", "missing_lines": 21, "excluded_lines": 0, "percent_statements_covered": 0.0, "percent_statements_covered_display": "0"}, "missing_lines": [194, 195, 196, 197, 199, 200, 201, 202, 204, 205, 207, 208, 209, 210, 212, 213, 217, 218, 220, 221, 222], "excluded_lines": [], "start_line": 192}, "_wizard_telemetry": {"executed_lines": [227, 228, 230, 231, 233], "summary": {"covered_lines": 5, "num_statements": 7, "percent_covered": 71.42857142857143, "percent_covered_display": "71", "missing_lines": 2, "excluded_lines": 0, "percent_statements_covered": 71.42857142857143, "percent_statements_covered_display": "71"}, "missing_lines": [234, 236], "excluded_lines": [], "start_line": 225}, "interactive_command": {"executed_lines": [246, 248, 249, 251, 253, 255, 257, 259, 261, 263, 264, 265], "summary": {"covered_lines": 12, "num_statements": 19, "percent_covered": 63.1578947368421, "percent_covered_display": "63", "missing_lines": 7, "excluded_lines": 0, "percent_statements_covered": 63.1578947368421, "percent_statements_covered_display": "63"}, "missing_lines": [252, 254, 256, 258, 260, 262, 267], "excluded_lines": [], "start_line": 244}, "": {"executed_lines": [7, 9, 11, 13, 19, 20, 22, 27, 43, 51, 63, 74, 103, 124, 144, 192, 225, 244], "summary": {"covered_lines": 18, "num_statements": 20, "percent_covered": 90.0, "percent_covered_display": "90", "missing_lines": 2, "excluded_lines": 0, "percent_statements_covered": 90.0, "percent_statements_covered_display": "90"}, "missing_lines": [23, 24], "excluded_lines": [], "start_line": 1}}, "classes": {"": {"executed_lines": [7, 9, 11, 13, 19, 20, 22, 27, 29, 32, 33, 34, 35, 36, 37, 38, 43, 45, 48, 51, 53, 56, 63, 74, 76, 78, 79, 80, 81, 83, 84, 85, 87, 88, 89, 93, 94, 95, 96, 97, 98, 103, 105, 106, 108, 113, 114, 115, 116, 119, 120, 121, 124, 126, 127, 129, 132, 133, 134, 136, 137, 138, 139, 144, 192, 225, 227, 228, 230, 231, 233, 244, 246, 248, 249, 251, 253, 255, 257, 259, 261, 263, 264, 265], "summary": {"covered_lines": 84, "num_statements": 167, "percent_covered": 50.29940119760479, "percent_covered_display": "50", "missing_lines": 83, "excluded_lines": 0, "percent_statements_covered": 50.29940119760479, "percent_statements_covered_display": "50"}, "missing_lines": [23, 24, 30, 31, 39, 40, 46, 47, 54, 55, 90, 91, 99, 100, 118, 140, 141, 146, 147, 148, 149, 151, 153, 154, 156, 157, 158, 159, 161, 162, 163, 165, 166, 167, 168, 169, 170, 171, 172, 174, 175, 176, 177, 178, 180, 181, 182, 184, 185, 186, 187, 188, 189, 194, 195, 196, 197, 199, 200, 201, 202, 204, 205, 207, 208, 209, 210, 212, 213, 217, 218, 220, 221, 222, 234, 236, 252, 254, 256, 258, 260, 262, 267], "excluded_lines": [], "start_line": 1}}}, "smart_data/cli/rendering/__init__.py": {"executed_lines": [3, 4, 11, 17, 19], "summary": {"covered_lines": 5, "num_statements": 5, "percent_covered": 100.0, "percent_covered_display": "100", "missing_lines": 0, "excluded_lines": 0, "percent_statements_covered": 100.0, "percent_statements_covered_display": "100"}, "missing_lines": [], "excluded_lines": [], "functions": {"": {"executed_lines": [3, 4, 11, 17, 19], "summary": {"covered_lines": 5, "num_statements": 5, "percent_covered": 100.0, "percent_covered_display": "100", "missing_lines": 0, "excluded_lines": 0, "percent_statements_covered": 100.0, "percent_statements_covered_display": "100"}, "missing_lines": [], "excluded_lines": [], "start_line": 1}}, "classes": {"": {"executed_lines": [3, 4, 11, 17, 19], "summary": {"covered_lines": 5, "num_statements": 5, "percent_covered": 100.0, "percent_covered_display": "100", "missing_lines": 0, "excluded_lines": 0, "percent_statements_covered": 100.0, "percent_statements_covered_display": "100"}, "missing_lines": [], "excluded_lines": [], "start_line": 1}}}, "smart_data/cli/rendering/console.py": {"executed_lines": [3, 5, 6, 7, 8, 10, 11, 12, 14, 25, 35, 36, 37, 38, 44, 46, 49, 51, 53, 54, 55, 57, 59, 61, 62, 66, 68, 69, 71, 73, 75, 76, 78, 80, 82, 83, 85, 87, 89, 90, 92, 94, 95, 97, 98, 100, 101, 103, 104], "summary": {"covered_lines": 49, "num_statements": 51, "percent_covered": 96.07843137254902, "percent_covered_display": "96", "missing_lines": 2, "excluded_lines": 0, "percent_statements_covered": 96.07843137254902, "percent_statements_covered_display": "96"}, "missing_lines": [47, 64], "excluded_lines": [], "functions": {"SmartConsole.__init__": {"executed_lines": [36, 37, 38], "summary": {"covered_lines": 3, "num_statements": 3, "percent_covered": 100.0, "percent_covered_display": "100", "missing_lines": 0, "excluded_lines": 0, "percent_statements_covered": 100.0, "percent_statements_covered_display": "100"}, "missing_lines": [], "excluded_lines": [], "start_line": 35}, "SmartConsole.print": {"executed_lines": [46, 49], "summary": {"covered_lines": 2, "num_statements": 3, "percent_covered": 66.66666666666667, "percent_covered_display": "67", "missing_lines": 1, "excluded_lines": 0, "percent_statements_covered": 66.66666666666667, "percent_statements_covered_display": "67"}, "missing_lines": [47], "excluded_lines": [], "start_line": 44}, "SmartConsole.emit_event": {"executed_lines": [53, 54, 55, 57], "summary": {"covered_lines": 4, "num_statements": 4, "percent_covered": 100.0, "percent_covered_display": "100", "missing_lines": 0, "excluded_lines": 0, "percent_statements_covered": 100.0, "percent_statements_covered_display": "100"}, "missing_lines": [], "excluded_lines": [], "start_line": 51}, "SmartConsole.info": {"executed_lines": [61, 62], "summary": {"covered_lines": 2, "num_statements": 3, "percent_covered": 66.66666666666667, "percent_covered_display": "67", "missing_lines": 1, "excluded_lines": 0, "percent_statements_covered": 66.66666666666667, "percent_statements_covered_display": "67"}, "missing_lines": [64], "excluded_lines": [], "start_line": 59}, "SmartConsole.success": {"executed_lines": [68, 69, 71], "summary": {"covered_lines": 3, "num_statements": 3, "percent_covered": 100.0, "percent_covered_display": "100", "missing_lines": 0, "excluded_lines": 0, "percent_statements_covered": 100.0, "percent_statements_covered_display": "100"}, "missing_lines": [], "excluded_lines": [], "start_line": 66}, "SmartConsole.warning": {"executed_lines": [75, 76, 78], "summary": {"covered_lines": 3, "num_statements": 3, "percent_covered": 100.0, "percent_covered_display": "100", "missing_lines": 0, "excluded_lines": 0, "percent_statements_covered": 100.0, "percent_statements_covered_display": "100"}, "missing_lines": [], "excluded_lines": [], "start_line": 73}, "SmartConsole.error": {"executed_lines": [82, 83, 85], "summary": {"covered_lines": 3, "num_statements": 3, "percent_covered": 100.0, "percent_covered_display": "100", "missing_lines": 0, "excluded_lines": 0, "percent_statements_covered": 100.0, "percent_statements_covered_display": "100"}, "missing_lines": [], "excluded_lines": [], "start_line": 80}, "SmartConsole.rule": {"executed_lines": [89, 90], "summary": {"covered_lines": 2, "num_statements": 2, "percent_covered": 100.0, "percent_covered_display": "100", "missing_lines": 0, "excluded_lines": 0, "percent_statements_covered": 100.0, "percent_statements_covered_display": "100"}, "missing_lines": [], "excluded_lines": [], "start_line": 87}, "SmartConsole.render": {"executed_lines": [94, 95], "summary": {"covered_lines": 2, "num_statements": 2, "percent_covered": 100.0, "percent_covered_display": "100", "missing_lines": 0, "excluded_lines": 0, "percent_statements_covered": 100.0, "percent_statements_covered_display": "100"}, "missing_lines": [], "excluded_lines": [], "start_line": 92}, "SmartConsole.spinner": {"executed_lines": [100, 101, 103, 104], "summary": {"covered_lines": 4, "num_statements": 4, "percent_covered": 100.0, "percent_covered_display": "100", "missing_lines": 0, "excluded_lines": 0, "percent_statements_covered": 100.0, "percent_statements_covered_display": "100"}, "missing_lines": [], "excluded_lines": [], "start_line": 98}, "": {"executed_lines": [3, 5, 6, 7, 8, 10, 11, 12, 14, 25, 35, 44, 51, 59, 66, 73, 80, 87, 92, 97, 98], "summary": {"covered_lines": 21, "num_statements": 21, "percent_covered": 100.0, "percent_covered_display": "100", "missing_lines": 0, "excluded_lines": 0, "percent_statements_covered": 100.0, "percent_statements_covered_display": "100"}, "missing_lines": [], "excluded_lines": [], "start_line": 1}}, "classes": {"SmartConsole": {"executed_lines": [36, 37, 38, 46, 49, 53, 54, 55, 57, 61, 62, 68, 69, 71, 75, 76, 78, 82, 83, 85, 89, 90, 94, 95, 100, 101, 103, 104], "summary": {"covered_lines": 28, "num_statements": 30, "percent_covered": 93.33333333333333, "percent_covered_display": "93", "missing_lines": 2, "excluded_lines": 0, "percent_statements_covered": 93.33333333333333, "percent_statements_covered_display": "93"}, "missing_lines": [47, 64], "excluded_lines": [], "start_line": 25}, "": {"executed_lines": [3, 5, 6, 7, 8, 10, 11, 12, 14, 25, 35, 44, 51, 59, 66, 73, 80, 87, 92, 97, 98], "summary": {"covered_lines": 21, "num_statements": 21, "percent_covered": 100.0, "percent_covered_display": "100", "missing_lines": 0, "excluded_lines": 0, "percent_statements_covered": 100.0, "percent_statements_covered_display": "100"}, "missing_lines": [], "excluded_lines": [], "start_line": 1}}}, "smart_data/cli/rendering/logger.py": {"executed_lines": [3, 5, 8, 16, 17, 19], "summary": {"covered_lines": 6, "num_statements": 8, "percent_covered": 75.0, "percent_covered_display": "75", "missing_lines": 2, "excluded_lines": 0, "percent_statements_covered": 75.0, "percent_statements_covered_display": "75"}, "missing_lines": [25, 26], "excluded_lines": [], "functions": {"setup_rich_logging": {"executed_lines": [16, 17, 19], "summary": {"covered_lines": 3, "num_statements": 5, "percent_covered": 60.0, "percent_covered_display": "60", "missing_lines": 2, "excluded_lines": 0, "percent_statements_covered": 60.0, "percent_statements_covered_display": "60"}, "missing_lines": [25, 26], "excluded_lines": [], "start_line": 8}, "": {"executed_lines": [3, 5, 8], "summary": {"covered_lines": 3, "num_statements": 3, "percent_covered": 100.0, "percent_covered_display": "100", "missing_lines": 0, "excluded_lines": 0, "percent_statements_covered": 100.0, "percent_statements_covered_display": "100"}, "missing_lines": [], "excluded_lines": [], "start_line": 1}}, "classes": {"": {"executed_lines": [3, 5, 8, 16, 17, 19], "summary": {"covered_lines": 6, "num_statements": 8, "percent_covered": 75.0, "percent_covered_display": "75", "missing_lines": 2, "excluded_lines": 0, "percent_statements_covered": 75.0, "percent_statements_covered_display": "75"}, "missing_lines": [25, 26], "excluded_lines": [], "start_line": 1}}}, "smart_data/cli/rendering/panels.py": {"executed_lines": [3, 5, 7, 8, 9, 12, 14, 15, 16, 17, 20, 22, 23, 24, 27, 28, 29, 30, 31, 33, 35, 36, 38, 39, 40, 41, 43, 44, 45, 46, 47, 49, 50, 53, 54, 57, 60, 62, 65, 67, 68, 69, 70, 71, 72, 73, 74, 75, 76, 77, 78, 79, 80], "summary": {"covered_lines": 53, "num_statements": 55, "percent_covered": 96.36363636363636, "percent_covered_display": "96", "missing_lines": 2, "excluded_lines": 0, "percent_statements_covered": 96.36363636363636, "percent_statements_covered_display": "96"}, "missing_lines": [37, 55], "excluded_lines": [], "functions": {"system_detail_panel": {"executed_lines": [14, 15, 16, 17], "summary": {"covered_lines": 4, "num_statements": 4, "percent_covered": 100.0, "percent_covered_display": "100", "missing_lines": 0, "excluded_lines": 0, "percent_statements_covered": 100.0, "percent_statements_covered_display": "100"}, "missing_lines": [], "excluded_lines": [], "start_line": 12}, "flow_tree": {"executed_lines": [22, 23, 24, 27, 28, 29, 30, 31, 33, 35, 43, 44, 45, 46, 47, 49, 50, 53, 54, 57], "summary": {"covered_lines": 20, "num_statements": 21, "percent_covered": 95.23809523809524, "percent_covered_display": "95", "missing_lines": 1, "excluded_lines": 0, "percent_statements_covered": 95.23809523809524, "percent_statements_covered_display": "95"}, "missing_lines": [55], "excluded_lines": [], "start_line": 20}, "flow_tree._add": {"executed_lines": [36, 38, 39, 40, 41], "summary": {"covered_lines": 5, "num_statements": 6, "percent_covered": 83.33333333333333, "percent_covered_display": "83", "missing_lines": 1, "excluded_lines": 0, "percent_statements_covered": 83.33333333333333, "percent_statements_covered_display": "83"}, "missing_lines": [37], "excluded_lines": [], "start_line": 35}, "yaml_preview": {"executed_lines": [62], "summary": {"covered_lines": 1, "num_statements": 1, "percent_covered": 100.0, "percent_covered_display": "100", "missing_lines": 0, "excluded_lines": 0, "percent_statements_covered": 100.0, "percent_statements_covered_display": "100"}, "missing_lines": [], "excluded_lines": [], "start_line": 60}, "component_panel": {"executed_lines": [67, 68, 69, 70, 71, 72, 73, 74, 75, 76, 77, 78, 79, 80], "summary": {"covered_lines": 14, "num_statements": 14, "percent_covered": 100.0, "percent_covered_display": "100", "missing_lines": 0, "excluded_lines": 0, "percent_statements_covered": 100.0, "percent_statements_covered_display": "100"}, "missing_lines": [], "excluded_lines": [], "start_line": 65}, "": {"executed_lines": [3, 5, 7, 8, 9, 12, 20, 60, 65], "summary": {"covered_lines": 9, "num_statements": 9, "percent_covered": 100.0, "percent_covered_display": "100", "missing_lines": 0, "excluded_lines": 0, "percent_statements_covered": 100.0, "percent_statements_covered_display": "100"}, "missing_lines": [], "excluded_lines": [], "start_line": 1}}, "classes": {"": {"executed_lines": [3, 5, 7, 8, 9, 12, 14, 15, 16, 17, 20, 22, 23, 24, 27, 28, 29, 30, 31, 33, 35, 36, 38, 39, 40, 41, 43, 44, 45, 46, 47, 49, 50, 53, 54, 57, 60, 62, 65, 67, 68, 69, 70, 71, 72, 73, 74, 75, 76, 77, 78, 79, 80], "summary": {"covered_lines": 53, "num_statements": 55, "percent_covered": 96.36363636363636, "percent_covered_display": "96", "missing_lines": 2, "excluded_lines": 0, "percent_statements_covered": 96.36363636363636, "percent_statements_covered_display": "96"}, "missing_lines": [37, 55], "excluded_lines": [], "start_line": 1}}}, "smart_data/cli/rendering/tables.py": {"executed_lines": [3, 5, 7, 13, 15, 16, 17, 18, 19, 20, 23, 25, 26, 27, 28, 29, 30, 31, 32, 35, 37, 42, 43, 44, 45, 46, 47, 48, 49, 52, 54, 55, 56, 58, 59, 61, 62, 64, 65, 67, 70, 72, 73, 74, 75, 76, 77], "summary": {"covered_lines": 47, "num_statements": 47, "percent_covered": 100.0, "percent_covered_display": "100", "missing_lines": 0, "excluded_lines": 2, "percent_statements_covered": 100.0, "percent_statements_covered_display": "100"}, "missing_lines": [], "excluded_lines": [9, 10], "functions": {"systems_table": {"executed_lines": [15, 16, 17, 18, 19, 20], "summary": {"covered_lines": 6, "num_statements": 6, "percent_covered": 100.0, "percent_covered_display": "100", "missing_lines": 0, "excluded_lines": 0, "percent_statements_covered": 100.0, "percent_statements_covered_display": "100"}, "missing_lines": [], "excluded_lines": [], "start_line": 13}, "plugins_table": {"executed_lines": [25, 26, 27, 28, 29, 30, 31, 32], "summary": {"covered_lines": 8, "num_statements": 8, "percent_covered": 100.0, "percent_covered_display": "100", "missing_lines": 0, "excluded_lines": 0, "percent_statements_covered": 100.0, "percent_statements_covered_display": "100"}, "missing_lines": [], "excluded_lines": [], "start_line": 23}, "plugin_schema_table": {"executed_lines": [37, 42, 43, 44, 45, 46, 47, 48, 49], "summary": {"covered_lines": 9, "num_statements": 9, "percent_covered": 100.0, "percent_covered_display": "100", "missing_lines": 0, "excluded_lines": 0, "percent_statements_covered": 100.0, "percent_statements_covered_display": "100"}, "missing_lines": [], "excluded_lines": [], "start_line": 35}, "config_summary_table": {"executed_lines": [54, 55, 56, 58, 59, 61, 62, 64, 65, 67], "summary": {"covered_lines": 10, "num_statements": 10, "percent_covered": 100.0, "percent_covered_display": "100", "missing_lines": 0, "excluded_lines": 0, "percent_statements_covered": 100.0, "percent_statements_covered_display": "100"}, "missing_lines": [], "excluded_lines": [], "start_line": 52}, "telemetry_status_table": {"executed_lines": [72, 73, 74, 75, 76, 77], "summary": {"covered_lines": 6, "num_statements": 6, "percent_covered": 100.0, "percent_covered_display": "100", "missing_lines": 0, "excluded_lines": 0, "percent_statements_covered": 100.0, "percent_statements_covered_display": "100"}, "missing_lines": [], "excluded_lines": [], "start_line": 70}, "": {"executed_lines": [3, 5, 7, 13, 23, 35, 52, 70], "summary": {"covered_lines": 8, "num_statements": 8, "percent_covered": 100.0, "percent_covered_display": "100", "missing_lines": 0, "excluded_lines": 2, "percent_statements_covered": 100.0, "percent_statements_covered_display": "100"}, "missing_lines": [], "excluded_lines": [9, 10], "start_line": 1}}, "classes": {"": {"executed_lines": [3, 5, 7, 13, 15, 16, 17, 18, 19, 20, 23, 25, 26, 27, 28, 29, 30, 31, 32, 35, 37, 42, 43, 44, 45, 46, 47, 48, 49, 52, 54, 55, 56, 58, 59, 61, 62, 64, 65, 67, 70, 72, 73, 74, 75, 76, 77], "summary": {"covered_lines": 47, "num_statements": 47, "percent_covered": 100.0, "percent_covered_display": "100", "missing_lines": 0, "excluded_lines": 2, "percent_statements_covered": 100.0, "percent_statements_covered_display": "100"}, "missing_lines": [], "excluded_lines": [9, 10], "start_line": 1}}}, "smart_data/cli/scaffold.py": {"executed_lines": [3, 5, 6, 7, 8, 10, 17, 19, 20, 21, 23, 26, 27, 35, 36, 102, 103, 124, 134, 136, 137, 139, 140, 141, 142, 149, 169, 209, 239, 260, 266, 290, 292, 293, 295, 296, 297, 298, 301, 302, 311, 368, 387, 393, 414, 416, 418, 419, 422, 423, 432, 504, 536, 541, 570, 572, 574, 575, 578, 579, 588, 609, 646, 660, 676, 725, 727, 728, 730, 733, 736, 739, 742, 745, 754, 782, 800, 825, 838, 842, 895, 897, 899, 902, 903, 906, 909, 910, 919, 928, 936, 959, 960, 968, 970, 971, 979, 981, 982, 984, 985, 993, 995, 1002, 1003, 1004, 1006], "summary": {"covered_lines": 107, "num_statements": 107, "percent_covered": 100.0, "percent_covered_display": "100", "missing_lines": 0, "excluded_lines": 0, "percent_statements_covered": 100.0, "percent_statements_covered_display": "100"}, "missing_lines": [], "excluded_lines": [], "functions": {"_emit": {"executed_lines": [19, 20, 21, 23], "summary": {"covered_lines": 4, "num_statements": 4, "percent_covered": 100.0, "percent_covered_display": "100", "missing_lines": 0, "excluded_lines": 0, "percent_statements_covered": 100.0, "percent_statements_covered_display": "100"}, "missing_lines": [], "excluded_lines": [], "start_line": 17}, "_validate_project_name": {"executed_lines": [27], "summary": {"covered_lines": 1, "num_statements": 1, "percent_covered": 100.0, "percent_covered_display": "100", "missing_lines": 0, "excluded_lines": 0, "percent_statements_covered": 100.0, "percent_statements_covered_display": "100"}, "missing_lines": [], "excluded_lines": [], "start_line": 26}, "_render_main": {"executed_lines": [36], "summary": {"covered_lines": 1, "num_statements": 1, "percent_covered": 100.0, "percent_covered_display": "100", "missing_lines": 0, "excluded_lines": 0, "percent_statements_covered": 100.0, "percent_statements_covered_display": "100"}, "missing_lines": [], "excluded_lines": [], "start_line": 35}, "_render_readme": {"executed_lines": [103], "summary": {"covered_lines": 1, "num_statements": 1, "percent_covered": 100.0, "percent_covered_display": "100", "missing_lines": 0, "excluded_lines": 0, "percent_statements_covered": 100.0, "percent_statements_covered_display": "100"}, "missing_lines": [], "excluded_lines": [], "start_line": 102}, "_scaffold_hello_world": {"executed_lines": [136, 137, 139, 140, 141, 142], "summary": {"covered_lines": 6, "num_statements": 6, "percent_covered": 100.0, "percent_covered_display": "100", "missing_lines": 0, "excluded_lines": 0, "percent_statements_covered": 100.0, "percent_statements_covered_display": "100"}, "missing_lines": [], "excluded_lines": [], "start_line": 134}, "_scaffold_medallion": {"executed_lines": [292, 293, 295, 296, 297, 298, 301, 302], "summary": {"covered_lines": 8, "num_statements": 8, "percent_covered": 100.0, "percent_covered_display": "100", "missing_lines": 0, "excluded_lines": 0, "percent_statements_covered": 100.0, "percent_statements_covered_display": "100"}, "missing_lines": [], "excluded_lines": [], "start_line": 290}, "_scaffold_rag_ingestion": {"executed_lines": [416, 418, 419, 422, 423], "summary": {"covered_lines": 5, "num_statements": 5, "percent_covered": 100.0, "percent_covered_display": "100", "missing_lines": 0, "excluded_lines": 0, "percent_statements_covered": 100.0, "percent_statements_covered_display": "100"}, "missing_lines": [], "excluded_lines": [], "start_line": 414}, "_scaffold_data_quality_test": {"executed_lines": [572, 574, 575, 578, 579], "summary": {"covered_lines": 5, "num_statements": 5, "percent_covered": 100.0, "percent_covered_display": "100", "missing_lines": 0, "excluded_lines": 0, "percent_statements_covered": 100.0, "percent_statements_covered_display": "100"}, "missing_lines": [], "excluded_lines": [], "start_line": 570}, "_scaffold_job_wheel": {"executed_lines": [727, 728, 730, 733, 736, 739, 742, 745], "summary": {"covered_lines": 8, "num_statements": 8, "percent_covered": 100.0, "percent_covered_display": "100", "missing_lines": 0, "excluded_lines": 0, "percent_statements_covered": 100.0, "percent_statements_covered_display": "100"}, "missing_lines": [], "excluded_lines": [], "start_line": 725}, "_scaffold_docker_compose_app": {"executed_lines": [897, 899, 902, 903, 906, 909, 910], "summary": {"covered_lines": 7, "num_statements": 7, "percent_covered": 100.0, "percent_covered_display": "100", "missing_lines": 0, "excluded_lines": 0, "percent_statements_covered": 100.0, "percent_statements_covered_display": "100"}, "missing_lines": [], "excluded_lines": [], "start_line": 895}, "scaffold": {"executed_lines": [959, 960, 968, 970, 971, 979, 981, 982, 984, 985, 993, 995, 1002, 1003, 1004, 1006], "summary": {"covered_lines": 16, "num_statements": 16, "percent_covered": 100.0, "percent_covered_display": "100", "missing_lines": 0, "excluded_lines": 0, "percent_statements_covered": 100.0, "percent_statements_covered_display": "100"}, "missing_lines": [], "excluded_lines": [], "start_line": 936}, "": {"executed_lines": [3, 5, 6, 7, 8, 10, 17, 26, 35, 102, 124, 134, 149, 169, 209, 239, 260, 266, 290, 311, 368, 387, 393, 414, 432, 504, 536, 541, 570, 588, 609, 646, 660, 676, 725, 754, 782, 800, 825, 838, 842, 895, 919, 928, 936], "summary": {"covered_lines": 45, "num_statements": 45, "percent_covered": 100.0, "percent_covered_display": "100", "missing_lines": 0, "excluded_lines": 0, "percent_statements_covered": 100.0, "percent_statements_covered_display": "100"}, "missing_lines": [], "excluded_lines": [], "start_line": 1}}, "classes": {"": {"executed_lines": [3, 5, 6, 7, 8, 10, 17, 19, 20, 21, 23, 26, 27, 35, 36, 102, 103, 124, 134, 136, 137, 139, 140, 141, 142, 149, 169, 209, 239, 260, 266, 290, 292, 293, 295, 296, 297, 298, 301, 302, 311, 368, 387, 393, 414, 416, 418, 419, 422, 423, 432, 504, 536, 541, 570, 572, 574, 575, 578, 579, 588, 609, 646, 660, 676, 725, 727, 728, 730, 733, 736, 739, 742, 745, 754, 782, 800, 825, 838, 842, 895, 897, 899, 902, 903, 906, 909, 910, 919, 928, 936, 959, 960, 968, 970, 971, 979, 981, 982, 984, 985, 993, 995, 1002, 1003, 1004, 1006], "summary": {"covered_lines": 107, "num_statements": 107, "percent_covered": 100.0, "percent_covered_display": "100", "missing_lines": 0, "excluded_lines": 0, "percent_statements_covered": 100.0, "percent_statements_covered_display": "100"}, "missing_lines": [], "excluded_lines": [], "start_line": 1}}}, "smart_data/config/__init__.py": {"executed_lines": [3, 4, 5, 7], "summary": {"covered_lines": 4, "num_statements": 4, "percent_covered": 100.0, "percent_covered_display": "100", "missing_lines": 0, "excluded_lines": 0, "percent_statements_covered": 100.0, "percent_statements_covered_display": "100"}, "missing_lines": [], "excluded_lines": [], "functions": {"": {"executed_lines": [3, 4, 5, 7], "summary": {"covered_lines": 4, "num_statements": 4, "percent_covered": 100.0, "percent_covered_display": "100", "missing_lines": 0, "excluded_lines": 0, "percent_statements_covered": 100.0, "percent_statements_covered_display": "100"}, "missing_lines": [], "excluded_lines": [], "start_line": 1}}, "classes": {"": {"executed_lines": [3, 4, 5, 7], "summary": {"covered_lines": 4, "num_statements": 4, "percent_covered": 100.0, "percent_covered_display": "100", "missing_lines": 0, "excluded_lines": 0, "percent_statements_covered": 100.0, "percent_statements_covered_display": "100"}, "missing_lines": [], "excluded_lines": [], "start_line": 1}}}, "smart_data/config/parser.py": {"executed_lines": [3, 5, 6, 7, 9, 10, 11, 13, 14, 15, 18, 19, 22, 23, 24, 27, 28, 31, 32, 34, 35, 38, 39, 42, 43, 45, 46, 47, 48, 50, 56, 64, 65, 67, 68, 71, 72, 75, 77, 78, 79, 80, 82, 83, 86, 87, 90, 91, 94, 97, 98, 99, 100, 102, 103, 105, 107, 108, 109, 110, 111, 113, 115, 116, 117, 118, 120, 121, 122, 123, 124, 126, 127, 128, 129, 130, 131, 132, 134], "summary": {"covered_lines": 79, "num_statements": 79, "percent_covered": 100.0, "percent_covered_display": "100", "missing_lines": 0, "excluded_lines": 0, "percent_statements_covered": 100.0, "percent_statements_covered_display": "100"}, "missing_lines": [], "excluded_lines": [], "functions": {"ConfigComponent.validate_inputs": {"executed_lines": [32], "summary": {"covered_lines": 1, "num_statements": 1, "percent_covered": 100.0, "percent_covered_display": "100", "missing_lines": 0, "excluded_lines": 0, "percent_statements_covered": 100.0, "percent_statements_covered_display": "100"}, "missing_lines": [], "excluded_lines": [], "start_line": 31}, "ConfigComponent.execute": {"executed_lines": [35], "summary": {"covered_lines": 1, "num_statements": 1, "percent_covered": 100.0, "percent_covered_display": "100", "missing_lines": 0, "excluded_lines": 0, "percent_statements_covered": 100.0, "percent_statements_covered_display": "100"}, "missing_lines": [], "excluded_lines": [], "start_line": 34}, "ConfigFlow.add_component": {"executed_lines": [46, 47, 48], "summary": {"covered_lines": 3, "num_statements": 3, "percent_covered": 100.0, "percent_covered_display": "100", "missing_lines": 0, "excluded_lines": 0, "percent_statements_covered": 100.0, "percent_statements_covered_display": "100"}, "missing_lines": [], "excluded_lines": [], "start_line": 45}, "ConfigFlow.connect": {"executed_lines": [56], "summary": {"covered_lines": 1, "num_statements": 1, "percent_covered": 100.0, "percent_covered_display": "100", "missing_lines": 0, "excluded_lines": 0, "percent_statements_covered": 100.0, "percent_statements_covered_display": "100"}, "missing_lines": [], "excluded_lines": [], "start_line": 50}, "ConfigFlow.compile": {"executed_lines": [65], "summary": {"covered_lines": 1, "num_statements": 1, "percent_covered": 100.0, "percent_covered_display": "100", "missing_lines": 0, "excluded_lines": 0, "percent_statements_covered": 100.0, "percent_statements_covered_display": "100"}, "missing_lines": [], "excluded_lines": [], "start_line": 64}, "ConfigFlow.run": {"executed_lines": [68], "summary": {"covered_lines": 1, "num_statements": 1, "percent_covered": 100.0, "percent_covered_display": "100", "missing_lines": 0, "excluded_lines": 0, "percent_statements_covered": 100.0, "percent_statements_covered_display": "100"}, "missing_lines": [], "excluded_lines": [], "start_line": 67}, "ConfigSystem.register_flow": {"executed_lines": [78, 79, 80], "summary": {"covered_lines": 3, "num_statements": 3, "percent_covered": 100.0, "percent_covered_display": "100", "missing_lines": 0, "excluded_lines": 0, "percent_statements_covered": 100.0, "percent_statements_covered_display": "100"}, "missing_lines": [], "excluded_lines": [], "start_line": 77}, "ConfigSystem.run": {"executed_lines": [83], "summary": {"covered_lines": 1, "num_statements": 1, "percent_covered": 100.0, "percent_covered_display": "100", "missing_lines": 0, "excluded_lines": 0, "percent_statements_covered": 100.0, "percent_statements_covered_display": "100"}, "missing_lines": [], "excluded_lines": [], "start_line": 82}, "YamlConfigParser.__init__": {"executed_lines": [103], "summary": {"covered_lines": 1, "num_statements": 1, "percent_covered": 100.0, "percent_covered_display": "100", "missing_lines": 0, "excluded_lines": 0, "percent_statements_covered": 100.0, "percent_statements_covered_display": "100"}, "missing_lines": [], "excluded_lines": [], "start_line": 102}, "YamlConfigParser.parse_file": {"executed_lines": [107, 108, 109, 110, 111], "summary": {"covered_lines": 5, "num_statements": 5, "percent_covered": 100.0, "percent_covered_display": "100", "missing_lines": 0, "excluded_lines": 0, "percent_statements_covered": 100.0, "percent_statements_covered_display": "100"}, "missing_lines": [], "excluded_lines": [], "start_line": 105}, "YamlConfigParser.parse_data": {"executed_lines": [115, 116, 117, 118, 120, 121, 122, 123, 124, 126, 127, 128, 129, 130, 131, 132, 134], "summary": {"covered_lines": 17, "num_statements": 17, "percent_covered": 100.0, "percent_covered_display": "100", "missing_lines": 0, "excluded_lines": 0, "percent_statements_covered": 100.0, "percent_statements_covered_display": "100"}, "missing_lines": [], "excluded_lines": [], "start_line": 113}, "": {"executed_lines": [3, 5, 6, 7, 9, 10, 11, 13, 14, 15, 18, 19, 22, 23, 24, 27, 28, 31, 34, 38, 39, 42, 43, 45, 50, 64, 67, 71, 72, 75, 77, 82, 86, 87, 90, 91, 94, 97, 98, 99, 100, 102, 105, 113], "summary": {"covered_lines": 44, "num_statements": 44, "percent_covered": 100.0, "percent_covered_display": "100", "missing_lines": 0, "excluded_lines": 0, "percent_statements_covered": 100.0, "percent_statements_covered_display": "100"}, "missing_lines": [], "excluded_lines": [], "start_line": 1}}, "classes": {"ConfigEdge": {"executed_lines": [], "summary": {"covered_lines": 0, "num_statements": 0, "percent_covered": 100.0, "percent_covered_display": "100", "missing_lines": 0, "excluded_lines": 0, "percent_statements_covered": 100.0, "percent_statements_covered_display": "100"}, "missing_lines": [], "excluded_lines": [], "start_line": 19}, "ConfigComponent": {"executed_lines": [32, 35], "summary": {"covered_lines": 2, "num_statements": 2, "percent_covered": 100.0, "percent_covered_display": "100", "missing_lines": 0, "excluded_lines": 0, "percent_statements_covered": 100.0, "percent_statements_covered_display": "100"}, "missing_lines": [], "excluded_lines": [], "start_line": 28}, "ConfigFlow": {"executed_lines": [46, 47, 48, 56, 65, 68], "summary": {"covered_lines": 6, "num_statements": 6, "percent_covered": 100.0, "percent_covered_display": "100", "missing_lines": 0, "excluded_lines": 0, "percent_statements_covered": 100.0, "percent_statements_covered_display": "100"}, "missing_lines": [], "excluded_lines": [], "start_line": 39}, "ConfigSystem": {"executed_lines": [78, 79, 80, 83], "summary": {"covered_lines": 4, "num_statements": 4, "percent_covered": 100.0, "percent_covered_display": "100", "missing_lines": 0, "excluded_lines": 0, "percent_statements_covered": 100.0, "percent_statements_covered_display": "100"}, "missing_lines": [], "excluded_lines": [], "start_line": 72}, "ParsedConfig": {"executed_lines": [], "summary": {"covered_lines": 0, "num_statements": 0, "percent_covered": 100.0, "percent_covered_display": "100", "missing_lines": 0, "excluded_lines": 0, "percent_statements_covered": 100.0, "percent_statements_covered_display": "100"}, "missing_lines": [], "excluded_lines": [], "start_line": 87}, "YamlConfigParser": {"executed_lines": [103, 107, 108, 109, 110, 111, 115, 116, 117, 118, 120, 121, 122, 123, 124, 126, 127, 128, 129, 130, 131, 132, 134], "summary": {"covered_lines": 23, "num_statements": 23, "percent_covered": 100.0, "percent_covered_display": "100", "missing_lines": 0, "excluded_lines": 0, "percent_statements_covered": 100.0, "percent_statements_covered_display": "100"}, "missing_lines": [], "excluded_lines": [], "start_line": 94}, "": {"executed_lines": [3, 5, 6, 7, 9, 10, 11, 13, 14, 15, 18, 19, 22, 23, 24, 27, 28, 31, 34, 38, 39, 42, 43, 45, 50, 64, 67, 71, 72, 75, 77, 82, 86, 87, 90, 91, 94, 97, 98, 99, 100, 102, 105, 113], "summary": {"covered_lines": 44, "num_statements": 44, "percent_covered": 100.0, "percent_covered_display": "100", "missing_lines": 0, "excluded_lines": 0, "percent_statements_covered": 100.0, "percent_statements_covered_display": "100"}, "missing_lines": [], "excluded_lines": [], "start_line": 1}}}, "smart_data/config/schema.py": {"executed_lines": [3, 5, 6, 7, 9, 11, 14, 16, 19, 21, 22, 23, 27], "summary": {"covered_lines": 13, "num_statements": 13, "percent_covered": 100.0, "percent_covered_display": "100", "missing_lines": 0, "excluded_lines": 0, "percent_statements_covered": 100.0, "percent_statements_covered_display": "100"}, "missing_lines": [], "excluded_lines": [], "functions": {"export_domain_schema": {"executed_lines": [16], "summary": {"covered_lines": 1, "num_statements": 1, "percent_covered": 100.0, "percent_covered_display": "100", "missing_lines": 0, "excluded_lines": 0, "percent_statements_covered": 100.0, "percent_statements_covered_display": "100"}, "missing_lines": [], "excluded_lines": [], "start_line": 14}, "write_domain_schema": {"executed_lines": [21, 22, 23, 27], "summary": {"covered_lines": 4, "num_statements": 4, "percent_covered": 100.0, "percent_covered_display": "100", "missing_lines": 0, "excluded_lines": 0, "percent_statements_covered": 100.0, "percent_statements_covered_display": "100"}, "missing_lines": [], "excluded_lines": [], "start_line": 19}, "": {"executed_lines": [3, 5, 6, 7, 9, 11, 14, 19], "summary": {"covered_lines": 8, "num_statements": 8, "percent_covered": 100.0, "percent_covered_display": "100", "missing_lines": 0, "excluded_lines": 0, "percent_statements_covered": 100.0, "percent_statements_covered_display": "100"}, "missing_lines": [], "excluded_lines": [], "start_line": 1}}, "classes": {"": {"executed_lines": [3, 5, 6, 7, 9, 11, 14, 16, 19, 21, 22, 23, 27], "summary": {"covered_lines": 13, "num_statements": 13, "percent_covered": 100.0, "percent_covered_display": "100", "missing_lines": 0, "excluded_lines": 0, "percent_statements_covered": 100.0, "percent_statements_covered_display": "100"}, "missing_lines": [], "excluded_lines": [], "start_line": 1}}}, "smart_data/config/secrets.py": {"executed_lines": [3, 5, 6, 7, 9, 11, 14, 17, 18, 19, 20, 23, 24, 25, 27, 29, 30, 32, 33, 34, 36, 38, 39, 40, 41, 42, 43, 48, 50, 52, 53, 54, 55, 56, 57, 58, 59, 60], "summary": {"covered_lines": 38, "num_statements": 44, "percent_covered": 86.36363636363636, "percent_covered_display": "86", "missing_lines": 6, "excluded_lines": 0, "percent_statements_covered": 86.36363636363636, "percent_statements_covered_display": "86"}, "missing_lines": [21, 22, 31, 44, 45, 46], "excluded_lines": [], "functions": {"SecretManager.__init__": {"executed_lines": [18, 19, 20, 23, 24, 25], "summary": {"covered_lines": 6, "num_statements": 8, "percent_covered": 75.0, "percent_covered_display": "75", "missing_lines": 2, "excluded_lines": 0, "percent_statements_covered": 75.0, "percent_statements_covered_display": "75"}, "missing_lines": [21, 22], "excluded_lines": [], "start_line": 17}, "SecretManager.get": {"executed_lines": [29, 30, 32, 33, 34], "summary": {"covered_lines": 5, "num_statements": 6, "percent_covered": 83.33333333333333, "percent_covered_display": "83", "missing_lines": 1, "excluded_lines": 0, "percent_statements_covered": 83.33333333333333, "percent_statements_covered_display": "83"}, "missing_lines": [31], "excluded_lines": [], "start_line": 27}, "SecretManager.resolve": {"executed_lines": [38, 39, 40, 41, 42, 43], "summary": {"covered_lines": 6, "num_statements": 9, "percent_covered": 66.66666666666667, "percent_covered_display": "67", "missing_lines": 3, "excluded_lines": 0, "percent_statements_covered": 66.66666666666667, "percent_statements_covered_display": "67"}, "missing_lines": [44, 45, 46], "excluded_lines": [], "start_line": 36}, "SecretManager.injected_keys": {"executed_lines": [50], "summary": {"covered_lines": 1, "num_statements": 1, "percent_covered": 100.0, "percent_covered_display": "100", "missing_lines": 0, "excluded_lines": 0, "percent_statements_covered": 100.0, "percent_statements_covered_display": "100"}, "missing_lines": [], "excluded_lines": [], "start_line": 48}, "SecretManager._resolve_string": {"executed_lines": [53, 54, 55, 56, 57, 58, 59, 60], "summary": {"covered_lines": 8, "num_statements": 8, "percent_covered": 100.0, "percent_covered_display": "100", "missing_lines": 0, "excluded_lines": 0, "percent_statements_covered": 100.0, "percent_statements_covered_display": "100"}, "missing_lines": [], "excluded_lines": [], "start_line": 52}, "": {"executed_lines": [3, 5, 6, 7, 9, 11, 14, 17, 27, 36, 48, 52], "summary": {"covered_lines": 12, "num_statements": 12, "percent_covered": 100.0, "percent_covered_display": "100", "missing_lines": 0, "excluded_lines": 0, "percent_statements_covered": 100.0, "percent_statements_covered_display": "100"}, "missing_lines": [], "excluded_lines": [], "start_line": 1}}, "classes": {"SecretManager": {"executed_lines": [18, 19, 20, 23, 24, 25, 29, 30, 32, 33, 34, 38, 39, 40, 41, 42, 43, 50, 53, 54, 55, 56, 57, 58, 59, 60], "summary": {"covered_lines": 26, "num_statements": 32, "percent_covered": 81.25, "percent_covered_display": "81", "missing_lines": 6, "excluded_lines": 0, "percent_statements_covered": 81.25, "percent_statements_covered_display": "81"}, "missing_lines": [21, 22, 31, 44, 45, 46], "excluded_lines": [], "start_line": 14}, "": {"executed_lines": [3, 5, 6, 7, 9, 11, 14, 17, 27, 36, 48, 52], "summary": {"covered_lines": 12, "num_statements": 12, "percent_covered": 100.0, "percent_covered_display": "100", "missing_lines": 0, "excluded_lines": 0, "percent_statements_covered": 100.0, "percent_statements_covered_display": "100"}, "missing_lines": [], "excluded_lines": [], "start_line": 1}}}, "smart_data/core/__init__.py": {"executed_lines": [3, 4, 5, 6, 18, 20], "summary": {"covered_lines": 6, "num_statements": 6, "percent_covered": 100.0, "percent_covered_display": "100", "missing_lines": 0, "excluded_lines": 0, "percent_statements_covered": 100.0, "percent_statements_covered_display": "100"}, "missing_lines": [], "excluded_lines": [], "functions": {"": {"executed_lines": [3, 4, 5, 6, 18, 20], "summary": {"covered_lines": 6, "num_statements": 6, "percent_covered": 100.0, "percent_covered_display": "100", "missing_lines": 0, "excluded_lines": 0, "percent_statements_covered": 100.0, "percent_statements_covered_display": "100"}, "missing_lines": [], "excluded_lines": [], "start_line": 1}}, "classes": {"": {"executed_lines": [3, 4, 5, 6, 18, 20], "summary": {"covered_lines": 6, "num_statements": 6, "percent_covered": 100.0, "percent_covered_display": "100", "missing_lines": 0, "excluded_lines": 0, "percent_statements_covered": 100.0, "percent_statements_covered_display": "100"}, "missing_lines": [], "excluded_lines": [], "start_line": 1}}}, "smart_data/core/context.py": {"executed_lines": [3, 5, 6, 8, 11, 12, 15, 17, 19, 21, 23, 25, 27, 29, 31], "summary": {"covered_lines": 15, "num_statements": 15, "percent_covered": 100.0, "percent_covered_display": "100", "missing_lines": 0, "excluded_lines": 0, "percent_statements_covered": 100.0, "percent_statements_covered_display": "100"}, "missing_lines": [], "excluded_lines": [], "functions": {"ExecutionContext.get": {"executed_lines": [19], "summary": {"covered_lines": 1, "num_statements": 1, "percent_covered": 100.0, "percent_covered_display": "100", "missing_lines": 0, "excluded_lines": 0, "percent_statements_covered": 100.0, "percent_statements_covered_display": "100"}, "missing_lines": [], "excluded_lines": [], "start_line": 17}, "ExecutionContext.set": {"executed_lines": [23], "summary": {"covered_lines": 1, "num_statements": 1, "percent_covered": 100.0, "percent_covered_display": "100", "missing_lines": 0, "excluded_lines": 0, "percent_statements_covered": 100.0, "percent_statements_covered_display": "100"}, "missing_lines": [], "excluded_lines": [], "start_line": 21}, "ExecutionContext.update": {"executed_lines": [27], "summary": {"covered_lines": 1, "num_statements": 1, "percent_covered": 100.0, "percent_covered_display": "100", "missing_lines": 0, "excluded_lines": 0, "percent_statements_covered": 100.0, "percent_statements_covered_display": "100"}, "missing_lines": [], "excluded_lines": [], "start_line": 25}, "ExecutionContext.clear": {"executed_lines": [31], "summary": {"covered_lines": 1, "num_statements": 1, "percent_covered": 100.0, "percent_covered_display": "100", "missing_lines": 0, "excluded_lines": 0, "percent_statements_covered": 100.0, "percent_statements_covered_display": "100"}, "missing_lines": [], "excluded_lines": [], "start_line": 29}, "": {"executed_lines": [3, 5, 6, 8, 11, 12, 15, 17, 21, 25, 29], "summary": {"covered_lines": 11, "num_statements": 11, "percent_covered": 100.0, "percent_covered_display": "100", "missing_lines": 0, "excluded_lines": 0, "percent_statements_covered": 100.0, "percent_statements_covered_display": "100"}, "missing_lines": [], "excluded_lines": [], "start_line": 1}}, "classes": {"ExecutionContext": {"executed_lines": [19, 23, 27, 31], "summary": {"covered_lines": 4, "num_statements": 4, "percent_covered": 100.0, "percent_covered_display": "100", "missing_lines": 0, "excluded_lines": 0, "percent_statements_covered": 100.0, "percent_statements_covered_display": "100"}, "missing_lines": [], "excluded_lines": [], "start_line": 12}, "": {"executed_lines": [3, 5, 6, 8, 11, 12, 15, 17, 21, 25, 29], "summary": {"covered_lines": 11, "num_statements": 11, "percent_covered": 100.0, "percent_covered_display": "100", "missing_lines": 0, "excluded_lines": 0, "percent_statements_covered": 100.0, "percent_statements_covered_display": "100"}, "missing_lines": [], "excluded_lines": [], "start_line": 1}}}, "smart_data/core/dataset.py": {"executed_lines": [3, 4, 5, 7, 10, 11, 19, 20, 23, 24, 28, 29, 38, 39], "summary": {"covered_lines": 14, "num_statements": 14, "percent_covered": 100.0, "percent_covered_display": "100", "missing_lines": 0, "excluded_lines": 0, "percent_statements_covered": 100.0, "percent_statements_covered_display": "100"}, "missing_lines": [], "excluded_lines": [], "functions": {"IDataset.read": {"executed_lines": [], "summary": {"covered_lines": 0, "num_statements": 0, "percent_covered": 100.0, "percent_covered_display": "100", "missing_lines": 0, "excluded_lines": 0, "percent_statements_covered": 100.0, "percent_statements_covered_display": "100"}, "missing_lines": [], "excluded_lines": [], "start_line": 20}, "IDataset.write": {"executed_lines": [], "summary": {"covered_lines": 0, "num_statements": 0, "percent_covered": 100.0, "percent_covered_display": "100", "missing_lines": 0, "excluded_lines": 0, "percent_statements_covered": 100.0, "percent_statements_covered_display": "100"}, "missing_lines": [], "excluded_lines": [], "start_line": 24}, "": {"executed_lines": [3, 4, 5, 7, 10, 11, 19, 20, 23, 24, 28, 29, 38, 39], "summary": {"covered_lines": 14, "num_statements": 14, "percent_covered": 100.0, "percent_covered_display": "100", "missing_lines": 0, "excluded_lines": 0, "percent_statements_covered": 100.0, "percent_statements_covered_display": "100"}, "missing_lines": [], "excluded_lines": [], "start_line": 1}}, "classes": {"IDataset": {"executed_lines": [], "summary": {"covered_lines": 0, "num_statements": 0, "percent_covered": 100.0, "percent_covered_display": "100", "missing_lines": 0, "excluded_lines": 0, "percent_statements_covered": 100.0, "percent_statements_covered_display": "100"}, "missing_lines": [], "excluded_lines": [], "start_line": 11}, "BaseDataset": {"executed_lines": [], "summary": {"covered_lines": 0, "num_statements": 0, "percent_covered": 100.0, "percent_covered_display": "100", "missing_lines": 0, "excluded_lines": 0, "percent_statements_covered": 100.0, "percent_statements_covered_display": "100"}, "missing_lines": [], "excluded_lines": [], "start_line": 29}, "": {"executed_lines": [3, 4, 5, 7, 10, 11, 19, 20, 23, 24, 28, 29, 38, 39], "summary": {"covered_lines": 14, "num_statements": 14, "percent_covered": 100.0, "percent_covered_display": "100", "missing_lines": 0, "excluded_lines": 0, "percent_statements_covered": 100.0, "percent_statements_covered_display": "100"}, "missing_lines": [], "excluded_lines": [], "start_line": 1}}}, "smart_data/core/lineage.py": {"executed_lines": [8, 10, 11, 12, 13, 14, 17, 20, 21, 22, 23, 24, 25, 28, 29, 44, 45, 46, 47, 50, 51, 98, 99, 100, 101, 102, 103, 104, 105, 106, 107, 108, 109, 110, 111, 112, 113, 114, 115, 116, 117, 121, 123, 155, 156, 171, 172, 173, 174, 178, 180, 182, 188, 189, 190, 191, 192, 194, 196, 198, 200, 208], "summary": {"covered_lines": 62, "num_statements": 62, "percent_covered": 100.0, "percent_covered_display": "100", "missing_lines": 0, "excluded_lines": 0, "percent_statements_covered": 100.0, "percent_statements_covered_display": "100"}, "missing_lines": [], "excluded_lines": [], "functions": {"LineageNode.to_dict": {"executed_lines": [123], "summary": {"covered_lines": 1, "num_statements": 1, "percent_covered": 100.0, "percent_covered_display": "100", "missing_lines": 0, "excluded_lines": 0, "percent_statements_covered": 100.0, "percent_statements_covered_display": "100"}, "missing_lines": [], "excluded_lines": [], "start_line": 121}, "LineageGraph.add_node": {"executed_lines": [180], "summary": {"covered_lines": 1, "num_statements": 1, "percent_covered": 100.0, "percent_covered_display": "100", "missing_lines": 0, "excluded_lines": 0, "percent_statements_covered": 100.0, "percent_statements_covered_display": "100"}, "missing_lines": [], "excluded_lines": [], "start_line": 178}, "LineageGraph.get_upstream": {"executed_lines": [188, 189, 190, 191, 192], "summary": {"covered_lines": 5, "num_statements": 5, "percent_covered": 100.0, "percent_covered_display": "100", "missing_lines": 0, "excluded_lines": 0, "percent_statements_covered": 100.0, "percent_statements_covered_display": "100"}, "missing_lines": [], "excluded_lines": [], "start_line": 182}, "LineageGraph.get_downstream": {"executed_lines": [196], "summary": {"covered_lines": 1, "num_statements": 1, "percent_covered": 100.0, "percent_covered_display": "100", "missing_lines": 0, "excluded_lines": 0, "percent_statements_covered": 100.0, "perc
[...]
es": 8, "num_statements": 8, "percent_covered": 100.0, "percent_covered_display": "100", "missing_lines": 0, "excluded_lines": 0, "percent_statements_covered": 100.0, "percent_statements_covered_display": "100"}, "missing_lines": [], "excluded_lines": [], "start_line": 1}}}, "smart_data/telemetry/__init__.py": {"executed_lines": [3, 5], "summary": {"covered_lines": 2, "num_statements": 2, "percent_covered": 100.0, "percent_covered_display": "100", "missing_lines": 0, "excluded_lines": 0, "percent_statements_covered": 100.0, "percent_statements_covered_display": "100"}, "missing_lines": [], "excluded_lines": [], "functions": {"": {"executed_lines": [3, 5], "summary": {"covered_lines": 2, "num_statements": 2, "percent_covered": 100.0, "percent_covered_display": "100", "missing_lines": 0, "excluded_lines": 0, "percent_statements_covered": 100.0, "percent_statements_covered_display": "100"}, "missing_lines": [], "excluded_lines": [], "start_line": 1}}, "classes": {"": {"executed_lines": [3, 5], "summary": {"covered_lines": 2, "num_statements": 2, "percent_covered": 100.0, "percent_covered_display": "100", "missing_lines": 0, "excluded_lines": 0, "percent_statements_covered": 100.0, "percent_statements_covered_display": "100"}, "missing_lines": [], "excluded_lines": [], "start_line": 1}}}, "smart_data/telemetry/instrumentation.py": {"executed_lines": [3, 5, 6, 7, 8, 10, 11, 12, 13, 14, 15, 16, 18, 19, 20, 21, 24, 25, 28, 29, 30, 31, 32, 35, 38, 40, 43, 45, 48, 50, 52, 53, 54, 55, 57, 58, 59, 60, 61, 62, 63, 71, 90, 92, 95, 97, 100, 102, 103, 104, 105, 106, 107, 110, 112, 113, 116, 118, 119, 122, 124, 125, 128, 131, 132, 133, 134, 135, 136, 141, 144, 146, 147, 148, 149, 150, 151, 152, 162], "summary": {"covered_lines": 79, "num_statements": 95, "percent_covered": 83.15789473684211, "percent_covered_display": "83", "missing_lines": 16, "excluded_lines": 0, "percent_statements_covered": 83.15789473684211, "percent_statements_covered_display": "83"}, "missing_lines": [51, 56, 64, 65, 66, 67, 68, 78, 79, 80, 81, 82, 84, 85, 86, 87], "excluded_lines": [], "functions": {"register_secret": {"executed_lines": [40], "summary": {"covered_lines": 1, "num_statements": 1, "percent_covered": 100.0, "percent_covered_display": "100", "missing_lines": 0, "excluded_lines": 0, "percent_statements_covered": 100.0, "percent_statements_covered_display": "100"}, "missing_lines": [], "excluded_lines": [], "start_line": 38}, "get_registered_secret_names": {"executed_lines": [45], "summary": {"covered_lines": 1, "num_statements": 1, "percent_covered": 100.0, "percent_covered_display": "100", "missing_lines": 0, "excluded_lines": 0, "percent_statements_covered": 100.0, "percent_statements_covered_display": "100"}, "missing_lines": [], "excluded_lines": [], "start_line": 43}, "mask_telemetry_value": {"executed_lines": [50, 52, 53, 54, 55, 57, 58, 59, 60, 61, 62, 63], "summary": {"covered_lines": 12, "num_statements": 19, "percent_covered": 63.1578947368421, "percent_covered_display": "63", "missing_lines": 7, "excluded_lines": 0, "percent_statements_covered": 63.1578947368421, "percent_statements_covered_display": "63"}, "missing_lines": [51, 56, 64, 65, 66, 67, 68], "excluded_lines": [], "start_line": 48}, "configure_telemetry": {"executed_lines": [], "summary": {"covered_lines": 0, "num_statements": 9, "percent_covered": 0.0, "percent_covered_display": "0", "missing_lines": 9, "excluded_lines": 0, "percent_statements_covered": 0.0, "percent_statements_covered_display": "0"}, "missing_lines": [78, 79, 80, 81, 82, 84, 85, 86, 87], "excluded_lines": [], "start_line": 71}, "get_tracer": {"executed_lines": [92], "summary": {"covered_lines": 1, "num_statements": 1, "percent_covered": 100.0, "percent_covered_display": "100", "missing_lines": 0, "excluded_lines": 0, "percent_statements_covered": 100.0, "percent_statements_covered_display": "100"}, "missing_lines": [], "excluded_lines": [], "start_line": 90}, "get_meter": {"executed_lines": [97], "summary": {"covered_lines": 1, "num_statements": 1, "percent_covered": 100.0, "percent_covered_display": "100", "missing_lines": 0, "excluded_lines": 0, "percent_statements_covered": 100.0, "percent_statements_covered_display": "100"}, "missing_lines": [], "excluded_lines": [], "start_line": 95}, "reset_ingestion_metrics": {"executed_lines": [102, 103, 104, 105, 106, 107], "summary": {"covered_lines": 6, "num_statements": 6, "percent_covered": 100.0, "percent_covered_display": "100", "missing_lines": 0, "excluded_lines": 0, "percent_statements_covered": 100.0, "percent_statements_covered_display": "100"}, "missing_lines": [], "excluded_lines": [], "start_line": 100}, "set_ingestion_total_documents": {"executed_lines": [112, 113], "summary": {"covered_lines": 2, "num_statements": 2, "percent_covered": 100.0, "percent_covered_display": "100", "missing_lines": 0, "excluded_lines": 0, "percent_statements_covered": 100.0, "percent_statements_covered_display": "100"}, "missing_lines": [], "excluded_lines": [], "start_line": 110}, "record_processed_documents": {"executed_lines": [118, 119], "summary": {"covered_lines": 2, "num_statements": 2, "percent_covered": 100.0, "percent_covered_display": "100", "missing_lines": 0, "excluded_lines": 0, "percent_statements_covered": 100.0, "percent_statements_covered_display": "100"}, "missing_lines": [], "excluded_lines": [], "start_line": 116}, "record_processed_chunks": {"executed_lines": [124, 125], "summary": {"covered_lines": 2, "num_statements": 2, "percent_covered": 100.0, "percent_covered_display": "100", "missing_lines": 0, "excluded_lines": 0, "percent_statements_covered": 100.0, "percent_statements_covered_display": "100"}, "missing_lines": [], "excluded_lines": [], "start_line": 122}, "record_llm_tokens_used": {"executed_lines": [131, 132, 133, 134, 135, 136, 141], "summary": {"covered_lines": 7, "num_statements": 7, "percent_covered": 100.0, "percent_covered_display": "100", "missing_lines": 0, "excluded_lines": 0, "percent_statements_covered": 100.0, "percent_statements_covered_display": "100"}, "missing_lines": [], "excluded_lines": [], "start_line": 128}, "get_ingestion_metrics": {"executed_lines": [146, 147, 148, 149, 150, 151, 152], "summary": {"covered_lines": 7, "num_statements": 7, "percent_covered": 100.0, "percent_covered_display": "100", "missing_lines": 0, "excluded_lines": 0, "percent_statements_covered": 100.0, "percent_statements_covered_display": "100"}, "missing_lines": [], "excluded_lines": [], "start_line": 144}, "": {"executed_lines": [3, 5, 6, 7, 8, 10, 11, 12, 13, 14, 15, 16, 18, 19, 20, 21, 24, 25, 28, 29, 30, 31, 32, 35, 38, 43, 48, 71, 90, 95, 100, 110, 116, 122, 128, 144, 162], "summary": {"covered_lines": 37, "num_statements": 37, "percent_covered": 100.0, "percent_covered_display": "100", "missing_lines": 0, "excluded_lines": 0, "percent_statements_covered": 100.0, "percent_statements_covered_display": "100"}, "missing_lines": [], "excluded_lines": [], "start_line": 1}}, "classes": {"IngestionMetrics": {"executed_lines": [], "summary": {"covered_lines": 0, "num_statements": 0, "percent_covered": 100.0, "percent_covered_display": "100", "missing_lines": 0, "excluded_lines": 0, "percent_statements_covered": 100.0, "percent_statements_covered_display": "100"}, "missing_lines": [], "excluded_lines": [], "start_line": 25}, "": {"executed_lines": [3, 5, 6, 7, 8, 10, 11, 12, 13, 14, 15, 16, 18, 19, 20, 21, 24, 25, 28, 29, 30, 31, 32, 35, 38, 40, 43, 45, 48, 50, 52, 53, 54, 55, 57, 58, 59, 60, 61, 62, 63, 71, 90, 92, 95, 97, 100, 102, 103, 104, 105, 106, 107, 110, 112, 113, 116, 118, 119, 122, 124, 125, 128, 131, 132, 133, 134, 135, 136, 141, 144, 146, 147, 148, 149, 150, 151, 152, 162], "summary": {"covered_lines": 79, "num_statements": 95, "percent_covered": 83.15789473684211, "percent_covered_display": "83", "missing_lines": 16, "excluded_lines": 0, "percent_statements_covered": 83.15789473684211, "percent_statements_covered_display": "83"}, "missing_lines": [51, 56, 64, 65, 66, 67, 68, 78, 79, 80, 81, 82, 84, 85, 86, 87], "excluded_lines": [], "start_line": 1}}}, "smart_data/tui/__init__.py": {"executed_lines": [3, 5], "summary": {"covered_lines": 2, "num_statements": 2, "percent_covered": 100.0, "percent_covered_display": "100", "missing_lines": 0, "excluded_lines": 0, "percent_statements_covered": 100.0, "percent_statements_covered_display": "100"}, "missing_lines": [], "excluded_lines": [], "functions": {"": {"executed_lines": [3, 5], "summary": {"covered_lines": 2, "num_statements": 2, "percent_covered": 100.0, "percent_covered_display": "100", "missing_lines": 0, "excluded_lines": 0, "percent_statements_covered": 100.0, "percent_statements_covered_display": "100"}, "missing_lines": [], "excluded_lines": [], "start_line": 1}}, "classes": {"": {"executed_lines": [3, 5], "summary": {"covered_lines": 2, "num_statements": 2, "percent_covered": 100.0, "percent_covered_display": "100", "missing_lines": 0, "excluded_lines": 0, "percent_statements_covered": 100.0, "percent_statements_covered_display": "100"}, "missing_lines": [], "excluded_lines": [], "start_line": 1}}}, "smart_data/tui/monitor.py": {"executed_lines": [7, 9, 11, 12, 13, 14, 24, 25, 28, 31, 39, 40, 43, 45, 56, 59, 66, 67, 68, 70, 71, 73, 78, 81, 84, 92, 93, 95, 96, 97, 108, 110, 111, 112, 120, 121, 122, 123, 124, 125, 133, 136, 144, 145, 147, 148, 149, 150, 151, 152, 153, 161, 164, 172, 173, 174, 177, 180, 188, 189, 191, 192, 193, 194, 195, 198, 207, 223, 224, 226, 231, 237, 238, 239, 241, 242, 243, 244, 245, 246, 247, 248, 249, 250, 251, 252, 253, 254, 255, 257, 258, 260, 274, 276, 277], "summary": {"covered_lines": 95, "num_statements": 112, "percent_covered": 84.82142857142857, "percent_covered_display": "85", "missing_lines": 17, "excluded_lines": 0, "percent_statements_covered": 84.82142857142857, "percent_statements_covered_display": "85"}, "missing_lines": [99, 100, 101, 102, 103, 104, 129, 130, 197, 262, 263, 265, 266, 268, 269, 271, 272], "excluded_lines": [], "functions": {"_DAGPanel.on_mount": {"executed_lines": [40], "summary": {"covered_lines": 1, "num_statements": 1, "percent_covered": 100.0, "percent_covered_display": "100", "missing_lines": 0, "excluded_lines": 0, "percent_statements_covered": 100.0, "percent_statements_covered_display": "100"}, "missing_lines": [], "excluded_lines": [], "start_line": 39}, "_placeholder_dag": {"executed_lines": [45], "summary": {"covered_lines": 1, "num_statements": 1, "percent_covered": 100.0, "percent_covered_display": "100", "missing_lines": 0, "excluded_lines": 0, "percent_statements_covered": 100.0, "percent_statements_covered_display": "100"}, "missing_lines": [], "excluded_lines": [], "start_line": 43}, "_StatusTable.on_mount": {"executed_lines": [67, 68], "summary": {"covered_lines": 2, "num_statements": 2, "percent_covered": 100.0, "percent_covered_display": "100", "missing_lines": 0, "excluded_lines": 0, "percent_statements_covered": 100.0, "percent_statements_covered_display": "100"}, "missing_lines": [], "excluded_lines": [], "start_line": 66}, "_StatusTable.populate": {"executed_lines": [71, 73, 78], "summary": {"covered_lines": 3, "num_statements": 3, "percent_covered": 100.0, "percent_covered_display": "100", "missing_lines": 0, "excluded_lines": 0, "percent_statements_covered": 100.0, "percent_statements_covered_display": "100"}, "missing_lines": [], "excluded_lines": [], "start_line": 70}, "_MemoryBar.on_mount": {"executed_lines": [93], "summary": {"covered_lines": 1, "num_statements": 1, "percent_covered": 100.0, "percent_covered_display": "100", "missing_lines": 0, "excluded_lines": 0, "percent_statements_covered": 100.0, "percent_statements_covered_display": "100"}, "missing_lines": [], "excluded_lines": [], "start_line": 92}, "_MemoryBar.refresh_memory": {"executed_lines": [96, 97, 108, 110, 111, 112, 120, 121, 122, 123, 124, 125], "summary": {"covered_lines": 12, "num_statements": 20, "percent_covered": 60.0, "percent_covered_display": "60", "missing_lines": 8, "excluded_lines": 0, "percent_statements_covered": 60.0, "percent_statements_covered_display": "60"}, "missing_lines": [99, 100, 101, 102, 103, 104, 129, 130], "excluded_lines": [], "start_line": 95}, "_IngestionMetricsPanel.on_mount": {"executed_lines": [145], "summary": {"covered_lines": 1, "num_statements": 1, "percent_covered": 100.0, "percent_covered_display": "100", "missing_lines": 0, "excluded_lines": 0, "percent_statements_covered": 100.0, "percent_statements_covered_display": "100"}, "missing_lines": [], "excluded_lines": [], "start_line": 144}, "_IngestionMetricsPanel.refresh_metrics": {"executed_lines": [148, 149, 150, 151, 152, 153], "summary": {"covered_lines": 6, "num_statements": 6, "percent_covered": 100.0, "percent_covered_display": "100", "missing_lines": 0, "excluded_lines": 0, "percent_statements_covered": 100.0, "percent_statements_covered_display": "100"}, "missing_lines": [], "excluded_lines": [], "start_line": 147}, "_AgentTraceLog.on_mount": {"executed_lines": [173, 174], "summary": {"covered_lines": 2, "num_statements": 2, "percent_covered": 100.0, "percent_covered_display": "100", "missing_lines": 0, "excluded_lines": 0, "percent_statements_covered": 100.0, "percent_statements_covered_display": "100"}, "missing_lines": [], "excluded_lines": [], "start_line": 172}, "_MCPStatusPanel.on_mount": {"executed_lines": [189], "summary": {"covered_lines": 1, "num_statements": 1, "percent_covered": 100.0, "percent_covered_display": "100", "missing_lines": 0, "excluded_lines": 0, "percent_statements_covered": 100.0, "percent_statements_covered_display": "100"}, "missing_lines": [], "excluded_lines": [], "start_line": 188}, "_MCPStatusPanel.refresh_status": {"executed_lines": [192, 193, 194, 195, 198], "summary": {"covered_lines": 5, "num_statements": 6, "percent_covered": 83.33333333333333, "percent_covered_display": "83", "missing_lines": 1, "excluded_lines": 0, "percent_statements_covered": 83.33333333333333, "percent_statements_covered_display": "83"}, "missing_lines": [197], "excluded_lines": [], "start_line": 191}, "MonitorApp.__init__": {"executed_lines": [238, 239], "summary": {"covered_lines": 2, "num_statements": 2, "percent_covered": 100.0, "percent_covered_display": "100", "missing_lines": 0, "excluded_lines": 0, "percent_statements_covered": 100.0, "percent_statements_covered_display": "100"}, "missing_lines": [], "excluded_lines": [], "start_line": 237}, "MonitorApp.compose": {"executed_lines": [242, 243, 244, 245, 246, 247, 248, 249, 250, 251, 252, 253, 254, 255], "summary": {"covered_lines": 14, "num_statements": 14, "percent_covered": 100.0, "percent_covered_display": "100", "missing_lines": 0, "excluded_lines": 0, "percent_statements_covered": 100.0, "percent_statements_covered_display": "100"}, "missing_lines": [], "excluded_lines": [], "start_line": 241}, "MonitorApp.on_mount": {"executed_lines": [258], "summary": {"covered_lines": 1, "num_statements": 1, "percent_covered": 100.0, "percent_covered_display": "100", "missing_lines": 0, "excluded_lines": 0, "percent_statements_covered": 100.0, "percent_statements_covered_display": "100"}, "missing_lines": [], "excluded_lines": [], "start_line": 257}, "MonitorApp.action_refresh": {"executed_lines": [], "summary": {"covered_lines": 0, "num_statements": 8, "percent_covered": 0.0, "percent_covered_display": "0", "missing_lines": 8, "excluded_lines": 0, "percent_statements_covered": 0.0, "percent_statements_covered_display": "0"}, "missing_lines": [262, 263, 265, 266, 268, 269, 271, 272], "excluded_lines": [], "start_line": 260}, "MonitorApp.log_agent_event": {"executed_lines": [276, 277], "summary": {"covered_lines": 2, "num_statements": 2, "percent_covered": 100.0, "percent_covered_display": "100", "missing_lines": 0, "excluded_lines": 0, "percent_statements_covered": 100.0, "percent_statements_covered_display": "100"}, "missing_lines": [], "excluded_lines": [], "start_line": 274}, "": {"executed_lines": [7, 9, 11, 12, 13, 14, 24, 25, 28, 31, 39, 43, 56, 59, 66, 70, 81, 84, 92, 95, 133, 136, 144, 147, 161, 164, 172, 177, 180, 188, 191, 207, 223, 224, 226, 231, 237, 241, 257, 260, 274], "summary": {"covered_lines": 41, "num_statements": 41, "percent_covered": 100.0, "percent_covered_display": "100", "missing_lines": 0, "excluded_lines": 0, "percent_statements_covered": 100.0, "percent_statements_covered_display": "100"}, "missing_lines": [], "excluded_lines": [], "start_line": 1}}, "classes": {"_DAGPanel": {"executed_lines": [40], "summary": {"covered_lines": 1, "num_statements": 1, "percent_covered": 100.0, "percent_covered_display": "100", "missing_lines": 0, "excluded_lines": 0, "percent_statements_covered": 100.0, "percent_statements_covered_display": "100"}, "missing_lines": [], "excluded_lines": [], "start_line": 28}, "_StatusTable": {"executed_lines": [67, 68, 71, 73, 78], "summary": {"covered_lines": 5, "num_statements": 5, "percent_covered": 100.0, "percent_covered_display": "100", "missing_lines": 0, "excluded_lines": 0, "percent_statements_covered": 100.0, "percent_statements_covered_display": "100"}, "missing_lines": [], "excluded_lines": [], "start_line": 56}, "_MemoryBar": {"executed_lines": [93, 96, 97, 108, 110, 111, 112, 120, 121, 122, 123, 124, 125], "summary": {"covered_lines": 13, "num_statements": 21, "percent_covered": 61.904761904761905, "percent_covered_display": "62", "missing_lines": 8, "excluded_lines": 0, "percent_statements_covered": 61.904761904761905, "percent_statements_covered_display": "62"}, "missing_lines": [99, 100, 101, 102, 103, 104, 129, 130], "excluded_lines": [], "start_line": 81}, "_IngestionMetricsPanel": {"executed_lines": [145, 148, 149, 150, 151, 152, 153], "summary": {"covered_lines": 7, "num_statements": 7, "percent_covered": 100.0, "percent_covered_display": "100", "missing_lines": 0, "excluded_lines": 0, "percent_statements_covered": 100.0, "percent_statements_covered_display": "100"}, "missing_lines": [], "excluded_lines": [], "start_line": 133}, "_AgentTraceLog": {"executed_lines": [173, 174], "summary": {"covered_lines": 2, "num_statements": 2, "percent_covered": 100.0, "percent_covered_display": "100", "missing_lines": 0, "excluded_lines": 0, "percent_statements_covered": 100.0, "percent_statements_covered_display": "100"}, "missing_lines": [], "excluded_lines": [], "start_line": 161}, "_MCPStatusPanel": {"executed_lines": [189, 192, 193, 194, 195, 198], "summary": {"covered_lines": 6, "num_statements": 7, "percent_covered": 85.71428571428571, "percent_covered_display": "86", "missing_lines": 1, "excluded_lines": 0, "percent_statements_covered": 85.71428571428571, "percent_statements_covered_display": "86"}, "missing_lines": [197], "excluded_lines": [], "start_line": 177}, "MonitorApp": {"executed_lines": [238, 239, 242, 243, 244, 245, 246, 247, 248, 249, 250, 251, 252, 253, 254, 255, 258, 276, 277], "summary": {"covered_lines": 19, "num_statements": 27, "percent_covered": 70.37037037037037, "percent_covered_display": "70", "missing_lines": 8, "excluded_lines": 0, "percent_statements_covered": 70.37037037037037, "percent_statements_covered_display": "70"}, "missing_lines": [262, 263, 265, 266, 268, 269, 271, 272], "excluded_lines": [], "start_line": 207}, "": {"executed_lines": [7, 9, 11, 12, 13, 14, 24, 25, 28, 31, 39, 43, 45, 56, 59, 66, 70, 81, 84, 92, 95, 133, 136, 144, 147, 161, 164, 172, 177, 180, 188, 191, 207, 223, 224, 226, 231, 237, 241, 257, 260, 274], "summary": {"covered_lines": 42, "num_statements": 42, "percent_covered": 100.0, "percent_covered_display": "100", "missing_lines": 0, "excluded_lines": 0, "percent_statements_covered": 100.0, "percent_statements_covered_display": "100"}, "missing_lines": [], "excluded_lines": [], "start_line": 1}}}}, "totals": {"covered_lines": 2091, "num_statements": 2644, "percent_covered": 79.08472012102874, "percent_covered_display": "79", "missing_lines": 553, "excluded_lines": 9, "percent_statements_covered": 79.08472012102874, "percent_statements_covered_display": "79"}}